#
# There is insufficient memory for the Java Runtime Environment to continue.
# Native memory allocation (malloc) failed to allocate 65552 bytes for Chunk::new
# Possible reasons:
#   The system is out of physical RAM or swap space
#   In 32 bit mode, the process size limit was hit
# Possible solutions:
#   Reduce memory load on the system
#   Increase physical memory or swap space
#   Check if swap backing store is full
#   Use 64 bit Java on a 64 bit OS
#   Decrease Java heap size (-Xmx/-Xms)
#   Decrease number of Java threads
#   Decrease Java thread stack sizes (-Xss)
#   Set larger code cache with -XX:ReservedCodeCacheSize=
# This output file may be truncated or incomplete.
#
#  Out of Memory Error (allocation.cpp:390), pid=18364, tid=18340
#
# JRE version: Java(TM) SE Runtime Environment (8.0_31-b13) (build 1.8.0_31-b13)
# Java VM: Java HotSpot(TM) 64-Bit Server VM (25.31-b07 mixed mode windows-amd64 compressed oops)
# Failed to write core dump. Minidumps are not enabled by default on client versions of Windows
#

---------------  T H R E A D  ---------------

Current thread (0x000000001568b000):  JavaThread "C2 CompilerThread0" daemon [_thread_in_native, id=18340, stack(0x0000000016bb0000,0x0000000016cb0000)]

Stack: [0x0000000016bb0000,0x0000000016cb0000]
Native frames: (J=compiled Java code, j=interpreted, Vv=VM code, C=native code)
V  [jvm.dll+0x3169ba]
V  [jvm.dll+0x2674c3]
V  [jvm.dll+0x268103]
V  [jvm.dll+0x25f8f5]
V  [jvm.dll+0xbf025]
V  [jvm.dll+0xbf4cc]
V  [jvm.dll+0xbf774]
V  [jvm.dll+0x4cfb00]
V  [jvm.dll+0x49bb1a]
V  [jvm.dll+0x49bdc3]
V  [jvm.dll+0x49d669]
V  [jvm.dll+0x49f54f]
V  [jvm.dll+0x452f28]
V  [jvm.dll+0x454124]
V  [jvm.dll+0x437c62]
V  [jvm.dll+0x988e2]
V  [jvm.dll+0x990d3]
V  [jvm.dll+0x22c194]
V  [jvm.dll+0x28576a]
C  [msvcr100.dll+0x21d9f]
C  [msvcr100.dll+0x21e3b]
C  [KERNEL32.DLL+0x12774]
C  [ntdll.dll+0x70d51]


Current CompileTask:
C2:  19648 2185       4       com.android.dx.dex.cf.CfTranslator::translate0 (259 bytes)


---------------  P R O C E S S  ---------------

Java Threads: ( => current thread )
  0x0000000016ea9800 JavaThread "pool-2-thread-4" [_thread_blocked, id=9020, stack(0x00000000178b0000,0x00000000179b0000)]
  0x0000000016e9c800 JavaThread "pool-2-thread-3" [_thread_blocked, id=3284, stack(0x00000000177b0000,0x00000000178b0000)]
  0x0000000016e99800 JavaThread "pool-2-thread-2" [_thread_blocked, id=18144, stack(0x00000000176b0000,0x00000000177b0000)]
  0x0000000016e98800 JavaThread "pool-3-thread-1" [_thread_blocked, id=6808, stack(0x00000000175b0000,0x00000000176b0000)]
  0x0000000016e64800 JavaThread "pool-2-thread-1" [_thread_in_Java, id=17876, stack(0x00000000174b0000,0x00000000175b0000)]
  0x0000000016d22800 JavaThread "Service Thread" daemon [_thread_blocked, id=17696, stack(0x00000000172b0000,0x00000000173b0000)]
  0x0000000016cb6000 JavaThread "C1 CompilerThread2" daemon [_thread_blocked, id=15880, stack(0x00000000171b0000,0x00000000172b0000)]
  0x000000001568d800 JavaThread "C2 CompilerThread1" daemon [_thread_blocked, id=18400, stack(0x00000000170b0000,0x00000000171b0000)]
=>0x000000001568b000 JavaThread "C2 CompilerThread0" daemon [_thread_in_native, id=18340, stack(0x0000000016bb0000,0x0000000016cb0000)]
  0x0000000015689800 JavaThread "Attach Listener" daemon [_thread_blocked, id=17512, stack(0x0000000016ab0000,0x0000000016bb0000)]
  0x000000001563d800 JavaThread "Signal Dispatcher" daemon [_thread_blocked, id=13940, stack(0x00000000169b0000,0x0000000016ab0000)]
  0x0000000002f55000 JavaThread "Finalizer" daemon [_thread_blocked, id=17664, stack(0x00000000168b0000,0x00000000169b0000)]
  0x0000000002f4c000 JavaThread "Reference Handler" daemon [_thread_blocked, id=17952, stack(0x00000000167b0000,0x00000000168b0000)]
  0x0000000002ace000 JavaThread "main" [_thread_in_native, id=17076, stack(0x0000000002980000,0x0000000002a80000)]

Other Threads:
  0x00000000155f7000 VMThread [stack: 0x00000000166b0000,0x00000000167b0000] [id=17904]
  0x0000000016d3e800 WatcherThread [stack: 0x00000000173b0000,0x00000000174b0000] [id=13536]

VM state:not at safepoint (normal execution)

VM Mutex/Monitor currently owned by a thread: None

Heap:
 PSYoungGen      total 138240K, used 42878K [0x00000000eab00000, 0x00000000f3700000, 0x0000000100000000)
  eden space 133120K, 28% used [0x00000000eab00000,0x00000000ecfe41c0,0x00000000f2d00000)
  from space 5120K, 99% used [0x00000000f2d00000,0x00000000f31fb7e0,0x00000000f3200000)
  to   space 5120K, 0% used [0x00000000f3200000,0x00000000f3200000,0x00000000f3700000)
 ParOldGen       total 87552K, used 43101K [0x00000000c0000000, 0x00000000c5580000, 0x00000000eab00000)
  object space 87552K, 49% used [0x00000000c0000000,0x00000000c2a17418,0x00000000c5580000)
 Metaspace       used 6423K, capacity 7256K, committed 7424K, reserved 1056768K
  class space    used 617K, capacity 656K, committed 768K, reserved 1048576K

Card table byte_map: [0x0000000012320000,0x0000000012530000] byte_map_base: 0x0000000011d20000

Marking Bits: (ParMarkBitMap*) 0x00000000626ad4f0
 Begin Bits: [0x0000000012a90000, 0x0000000013a90000)
 End Bits:   [0x0000000013a90000, 0x0000000014a90000)

Polling page: 0x0000000001070000

CodeCache: size=245760Kb used=10692Kb max_used=10700Kb free=235067Kb
 bounds [0x0000000002f60000, 0x00000000039e0000, 0x0000000011f60000]
 total_blobs=2430 nmethods=2163 adapters=180
 compilation: enabled

Compilation events (10 events):
Event: 19.476 Thread 0x0000000016cb6000 2187       3       java.util.concurrent.ArrayBlockingQueue::enqueue (53 bytes)
Event: 19.476 Thread 0x0000000016cb6000 nmethod 2187 0x00000000039d5490 code [0x00000000039d5640, 0x00000000039d5be8]
Event: 19.481 Thread 0x000000001568d800 2188 % !   4       com.android.dx.cf.cst.ConstantPoolParser::determineOffsets @ 5 (285 bytes)
Event: 19.493 Thread 0x000000001568d800 nmethod 2188% 0x00000000039d7650 code [0x00000000039d79e0, 0x00000000039d7f78]
Event: 19.493 Thread 0x000000001568d800 2189   !   4       com.android.dx.cf.cst.ConstantPoolParser::determineOffsets (285 bytes)
Event: 19.497 Thread 0x000000001568d800 nmethod 2189 0x00000000039d3cd0 code [0x00000000039d3ee0, 0x00000000039d4198]
Event: 19.498 Thread 0x000000001568d800 2190 %     4       com.android.dx.cf.cst.ConstantPoolParser::parse @ 96 (365 bytes)
Event: 19.501 Thread 0x000000001568d800 nmethod 2190% 0x00000000039d3710 code [0x00000000039d3860, 0x00000000039d3a48]
Event: 19.501 Thread 0x000000001568d800 2191       4       com.android.dx.cf.cst.ConstantPoolParser::parse (365 bytes)
Event: 19.514 Thread 0x000000001568d800 nmethod 2191 0x00000000039d9510 code [0x00000000039d9760, 0x00000000039d9cc8]

GC Heap History (10 events):
Event: 3.570 GC heap before
{Heap before GC invocations=1 (full 0):
 PSYoungGen      total 38400K, used 33280K [0x00000000eab00000, 0x00000000ed580000, 0x0000000100000000)
  eden space 33280K, 100% used [0x00000000eab00000,0x00000000ecb80000,0x00000000ecb80000)
  from space 5120K, 0% used [0x00000000ed080000,0x00000000ed080000,0x00000000ed580000)
  to   space 5120K, 0% used [0x00000000ecb80000,0x00000000ecb80000,0x00000000ed080000)
 ParOldGen       total 87552K, used 0K [0x00000000c0000000, 0x00000000c5580000, 0x00000000eab00000)
  object space 87552K, 0% used [0x00000000c0000000,0x00000000c0000000,0x00000000c5580000)
 Metaspace       used 6000K, capacity 6960K, committed 7040K, reserved 1056768K
  class space    used 592K, capacity 616K, committed 640K, reserved 1048576K
Event: 3.692 GC heap after
Heap after GC invocations=1 (full 0):
 PSYoungGen      total 38400K, used 5108K [0x00000000eab00000, 0x00000000ef600000, 0x0000000100000000)
  eden space 33280K, 0% used [0x00000000eab00000,0x00000000eab00000,0x00000000ecb80000)
  from space 5120K, 99% used [0x00000000ecb80000,0x00000000ed07d160,0x00000000ed080000)
  to   space 5120K, 0% used [0x00000000ef100000,0x00000000ef100000,0x00000000ef600000)
 ParOldGen       total 87552K, used 2325K [0x00000000c0000000, 0x00000000c5580000, 0x00000000eab00000)
  object space 87552K, 2% used [0x00000000c0000000,0x00000000c02455c0,0x00000000c5580000)
 Metaspace       used 6000K, capacity 6960K, committed 7040K, reserved 1056768K
  class space    used 592K, capacity 616K, committed 640K, reserved 1048576K
}
Event: 6.191 GC heap before
{Heap before GC invocations=2 (full 0):
 PSYoungGen      total 38400K, used 38388K [0x00000000eab00000, 0x00000000ef600000, 0x0000000100000000)
  eden space 33280K, 100% used [0x00000000eab00000,0x00000000ecb80000,0x00000000ecb80000)
  from space 5120K, 99% used [0x00000000ecb80000,0x00000000ed07d160,0x00000000ed080000)
  to   space 5120K, 0% used [0x00000000ef100000,0x00000000ef100000,0x00000000ef600000)
 ParOldGen       total 87552K, used 2325K [0x00000000c0000000, 0x00000000c5580000, 0x00000000eab00000)
  object space 87552K, 2% used [0x00000000c0000000,0x00000000c02455c0,0x00000000c5580000)
 Metaspace       used 6162K, capacity 7088K, committed 7296K, reserved 1056768K
  class space    used 596K, capacity 616K, committed 640K, reserved 1048576K
Event: 6.266 GC heap after
Heap after GC invocations=2 (full 0):
 PSYoungGen      total 71680K, used 5107K [0x00000000eab00000, 0x00000000ef600000, 0x0000000100000000)
  eden space 66560K, 0% used [0x00000000eab00000,0x00000000eab00000,0x00000000eec00000)
  from space 5120K, 99% used [0x00000000ef100000,0x00000000ef5fccf8,0x00000000ef600000)
  to   space 5120K, 0% used [0x00000000eec00000,0x00000000eec00000,0x00000000ef100000)
 ParOldGen       total 87552K, used 6335K [0x00000000c0000000, 0x00000000c5580000, 0x00000000eab00000)
  object space 87552K, 7% used [0x00000000c0000000,0x00000000c062fdf0,0x00000000c5580000)
 Metaspace       used 6162K, capacity 7088K, committed 7296K, reserved 1056768K
  class space    used 596K, capacity 616K, committed 640K, reserved 1048576K
}
Event: 9.045 GC heap before
{Heap before GC invocations=3 (full 0):
 PSYoungGen      total 71680K, used 71667K [0x00000000eab00000, 0x00000000ef600000, 0x0000000100000000)
  eden space 66560K, 100% used [0x00000000eab00000,0x00000000eec00000,0x00000000eec00000)
  from space 5120K, 99% used [0x00000000ef100000,0x00000000ef5fccf8,0x00000000ef600000)
  to   space 5120K, 0% used [0x00000000eec00000,0x00000000eec00000,0x00000000ef100000)
 ParOldGen       total 87552K, used 6335K [0x00000000c0000000, 0x00000000c5580000, 0x00000000eab00000)
  object space 87552K, 7% used [0x00000000c0000000,0x00000000c062fdf0,0x00000000c5580000)
 Metaspace       used 6324K, capacity 7192K, committed 7424K, reserved 1056768K
  class space    used 617K, capacity 656K, committed 768K, reserved 1048576K
Event: 9.100 GC heap after
Heap after GC invocations=3 (full 0):
 PSYoungGen      total 71680K, used 5096K [0x00000000eab00000, 0x00000000f3700000, 0x0000000100000000)
  eden space 66560K, 0% used [0x00000000eab00000,0x00000000eab00000,0x00000000eec00000)
  from space 5120K, 99% used [0x00000000eec00000,0x00000000ef0fa2b0,0x00000000ef100000)
  to   space 5120K, 0% used [0x00000000f3200000,0x00000000f3200000,0x00000000f3700000)
 ParOldGen       total 87552K, used 16692K [0x00000000c0000000, 0x00000000c5580000, 0x00000000eab00000)
  object space 87552K, 19% used [0x00000000c0000000,0x00000000c104d0d0,0x00000000c5580000)
 Metaspace       used 6324K, capacity 7192K, committed 7424K, reserved 1056768K
  class space    used 617K, capacity 656K, committed 768K, reserved 1048576K
}
Event: 11.380 GC heap before
{Heap before GC invocations=4 (full 0):
 PSYoungGen      total 71680K, used 71656K [0x00000000eab00000, 0x00000000f3700000, 0x0000000100000000)
  eden space 66560K, 100% used [0x00000000eab00000,0x00000000eec00000,0x00000000eec00000)
  from space 5120K, 99% used [0x00000000eec00000,0x00000000ef0fa2b0,0x00000000ef100000)
  to   space 5120K, 0% used [0x00000000f3200000,0x00000000f3200000,0x00000000f3700000)
 ParOldGen       total 87552K, used 16692K [0x00000000c0000000, 0x00000000c5580000, 0x00000000eab00000)
  object space 87552K, 19% used [0x00000000c0000000,0x00000000c104d0d0,0x00000000c5580000)
 Metaspace       used 6351K, capacity 7192K, committed 7424K, reserved 1056768K
  class space    used 617K, capacity 656K, committed 768K, reserved 1048576K
Event: 11.420 GC heap after
Heap after GC invocations=4 (full 0):
 PSYoungGen      total 138240K, used 5109K [0x00000000eab00000, 0x00000000f3700000, 0x0000000100000000)
  eden space 133120K, 0% used [0x00000000eab00000,0x00000000eab00000,0x00000000f2d00000)
  from space 5120K, 99% used [0x00000000f3200000,0x00000000f36fd7e0,0x00000000f3700000)
  to   space 5120K, 0% used [0x00000000f2d00000,0x00000000f2d00000,0x00000000f3200000)
 ParOldGen       total 87552K, used 25534K [0x00000000c0000000, 0x00000000c5580000, 0x00000000eab00000)
  object space 87552K, 29% used [0x00000000c0000000,0x00000000c18ef978,0x00000000c5580000)
 Metaspace       used 6351K, capacity 7192K, committed 7424K, reserved 1056768K
  class space    used 617K, capacity 656K, committed 768K, reserved 1048576K
}
Event: 18.424 GC heap before
{Heap before GC invocations=5 (full 0):
 PSYoungGen      total 138240K, used 138229K [0x00000000eab00000, 0x00000000f3700000, 0x0000000100000000)
  eden space 133120K, 100% used [0x00000000eab00000,0x00000000f2d00000,0x00000000f2d00000)
  from space 5120K, 99% used [0x00000000f3200000,0x00000000f36fd7e0,0x00000000f3700000)
  to   space 5120K, 0% used [0x00000000f2d00000,0x00000000f2d00000,0x00000000f3200000)
 ParOldGen       total 87552K, used 25534K [0x00000000c0000000, 0x00000000c5580000, 0x00000000eab00000)
  object space 87552K, 29% used [0x00000000c0000000,0x00000000c18ef978,0x00000000c5580000)
 Metaspace       used 6401K, capacity 7256K, committed 7424K, reserved 1056768K
  class space    used 617K, capacity 656K, committed 768K, reserved 1048576K
Event: 18.759 GC heap after
Heap after GC invocations=5 (full 0):
 PSYoungGen      total 138240K, used 5101K [0x00000000eab00000, 0x00000000f3700000, 0x0000000100000000)
  eden space 133120K, 0% used [0x00000000eab00000,0x00000000eab00000,0x00000000f2d00000)
  from space 5120K, 99% used [0x00000000f2d00000,0x00000000f31fb7e0,0x00000000f3200000)
  to   space 5120K, 0% used [0x00000000f3200000,0x00000000f3200000,0x00000000f3700000)
 ParOldGen       total 87552K, used 43101K [0x00000000c0000000, 0x00000000c5580000, 0x00000000eab00000)
  object space 87552K, 49% used [0x00000000c0000000,0x00000000c2a17418,0x00000000c5580000)
 Metaspace       used 6401K, capacity 7256K, committed 7424K, reserved 1056768K
  class space    used 617K, capacity 656K, committed 768K, reserved 1048576K
}

Deoptimization events (10 events):
Event: 9.006 Thread 0x0000000016ea9800 Uncommon trap: reason=class_check action=maybe_recompile pc=0x0000000003647828 method=com.android.dx.cf.code.RopperMachine.run(Lcom/android/dx/cf/code/Frame;II)V @ 988
Event: 9.039 Thread 0x0000000016ea9800 Uncommon trap: reason=bimorphic action=maybe_recompile pc=0x00000000031e452c method=java.util.HashMap.getNode(ILjava/lang/Object;)Ljava/util/HashMap$Node; @ 126
Event: 9.390 Thread 0x0000000016ea9800 Uncommon trap: reason=class_check action=maybe_recompile pc=0x00000000037c0ab0 method=com.android.dx.cf.code.BytecodeArray.parseInstruction(ILcom/android/dx/cf/code/BytecodeArray$Visitor;)I @ 1258
Event: 9.390 Thread 0x0000000016ea9800 Uncommon trap: reason=class_check action=maybe_recompile pc=0x00000000037c0ab0 method=com.android.dx.cf.code.BytecodeArray.parseInstruction(ILcom/android/dx/cf/code/BytecodeArray$Visitor;)I @ 1258
Event: 9.390 Thread 0x0000000016ea9800 Uncommon trap: reason=class_check action=maybe_recompile pc=0x00000000037c0ab0 method=com.android.dx.cf.code.BytecodeArray.parseInstruction(ILcom/android/dx/cf/code/BytecodeArray$Visitor;)I @ 1258
Event: 9.390 Thread 0x0000000016ea9800 Uncommon trap: reason=class_check action=maybe_recompile pc=0x00000000037c0ab0 method=com.android.dx.cf.code.BytecodeArray.parseInstruction(ILcom/android/dx/cf/code/BytecodeArray$Visitor;)I @ 1258
Event: 11.850 Thread 0x0000000016ea9800 Uncommon trap: reason=bimorphic action=maybe_recompile pc=0x0000000003776abc method=com.android.dx.ssa.SCCP.setLatticeValueTo(IILcom/android/dx/rop/cst/Constant;)Z @ 43
Event: 11.860 Thread 0x0000000016ea9800 Uncommon trap: reason=bimorphic action=maybe_recompile pc=0x0000000003776abc method=com.android.dx.ssa.SCCP.setLatticeValueTo(IILcom/android/dx/rop/cst/Constant;)Z @ 43
Event: 11.860 Thread 0x0000000016ea9800 Uncommon trap: reason=bimorphic action=maybe_recompile pc=0x0000000003776abc method=com.android.dx.ssa.SCCP.setLatticeValueTo(IILcom/android/dx/rop/cst/Constant;)Z @ 43
Event: 11.860 Thread 0x0000000016ea9800 Uncommon trap: reason=bimorphic action=maybe_recompile pc=0x0000000003776abc method=com.android.dx.ssa.SCCP.setLatticeValueTo(IILcom/android/dx/rop/cst/Constant;)Z @ 43

Internal exceptions (10 events):
Event: 5.873 Thread 0x0000000002ace000 Exception <a 'java/security/PrivilegedActionException'> (0x00000000ec49fdd8) thrown at [C:\workspace\8-2-build-windows-amd64-cygwin\jdk8u31\2394\hotspot\src\share\vm\prims\jvm.cpp, line 1312]
Event: 5.945 Thread 0x0000000016e9c800 Implicit null exception at 0x0000000003321362 to 0x0000000003321452
Event: 5.948 Thread 0x0000000016e9c800 Exception <a 'java/security/PrivilegedActionException'> (0x00000000ec9e2080) thrown at [C:\workspace\8-2-build-windows-amd64-cygwin\jdk8u31\2394\hotspot\src\share\vm\prims\jvm.cpp, line 1312]
Event: 5.948 Thread 0x0000000016e9c800 Exception <a 'java/security/PrivilegedActionException'> (0x00000000ec9e7880) thrown at [C:\workspace\8-2-build-windows-amd64-cygwin\jdk8u31\2394\hotspot\src\share\vm\prims\jvm.cpp, line 1312]
Event: 5.949 Thread 0x0000000016e9c800 Exception <a 'java/security/PrivilegedActionException'> (0x00000000ec9edcc0) thrown at [C:\workspace\8-2-build-windows-amd64-cygwin\jdk8u31\2394\hotspot\src\share\vm\prims\jvm.cpp, line 1312]
Event: 5.993 Thread 0x0000000002ace000 Exception <a 'java/security/PrivilegedActionException'> (0x00000000ec4ae2c8) thrown at [C:\workspace\8-2-build-windows-amd64-cygwin\jdk8u31\2394\hotspot\src\share\vm\prims\jvm.cpp, line 1312]
Event: 6.844 Thread 0x0000000016e99800 Exception <a 'java/lang/ArrayIndexOutOfBoundsException': 18> (0x00000000eae193e0) thrown at [C:\workspace\8-2-build-windows-amd64-cygwin\jdk8u31\2394\hotspot\src\share\vm\interpreter\interpreterRuntime.cpp, line 366]
Event: 6.844 Thread 0x0000000016e99800 Exception <a 'java/lang/ArrayIndexOutOfBoundsException'> (0x00000000eae1ae78) thrown at [C:\workspace\8-2-build-windows-amd64-cygwin\jdk8u31\2394\hotspot\src\share\vm\runtime\sharedRuntime.cpp, line 604]
Event: 6.846 Thread 0x0000000016e99800 Exception <a 'java/lang/ArrayIndexOutOfBoundsException'> (0x00000000eae1c090) thrown at [C:\workspace\8-2-build-windows-amd64-cygwin\jdk8u31\2394\hotspot\src\share\vm\runtime\sharedRuntime.cpp, line 604]
Event: 6.967 Thread 0x0000000016e99800 Exception <a 'java/security/PrivilegedActionException'> (0x00000000eaf164d8) thrown at [C:\workspace\8-2-build-windows-amd64-cygwin\jdk8u31\2394\hotspot\src\share\vm\prims\jvm.cpp, line 1312]

Events (10 events):
Event: 18.424 Executing VM operation: ParallelGCFailedAllocation
Event: 18.759 Executing VM operation: ParallelGCFailedAllocation done
Event: 18.900 Thread 0x0000000016e9c800 DEOPT PACKING pc=0x00000000037dc1df sp=0x00000000178aee20
Event: 18.900 Thread 0x0000000016e9c800 DEOPT UNPACKING pc=0x0000000002fa75bf sp=0x00000000178aec50 mode 0
Event: 19.333 Thread 0x0000000016e64800 DEOPT PACKING pc=0x0000000003669f71 sp=0x00000000175af0a0
Event: 19.333 Thread 0x0000000016e64800 DEOPT UNPACKING pc=0x0000000002fa75bf sp=0x00000000175aee70 mode 0
Event: 19.493 Thread 0x0000000002ace000 DEOPT PACKING pc=0x000000000368cc64 sp=0x0000000002a7e640
Event: 19.493 Thread 0x0000000002ace000 DEOPT UNPACKING pc=0x0000000002fa75bf sp=0x0000000002a7e400 mode 0
Event: 19.502 Thread 0x0000000002ace000 DEOPT PACKING pc=0x0000000003695e2a sp=0x0000000002a7e740
Event: 19.502 Thread 0x0000000002ace000 DEOPT UNPACKING pc=0x0000000002fa75bf sp=0x0000000002a7e550 mode 0


Dynamic libraries:
0x00007ff6a7880000 - 0x00007ff6a78b4000 	C:\Program Files\Java\jdk1.8.0_31\bin\java.exe
0x00007ffb2d5b0000 - 0x00007ffb2d78b000 	C:\WINDOWS\SYSTEM32\ntdll.dll
0x00007ffb2cc90000 - 0x00007ffb2cd3e000 	C:\WINDOWS\System32\KERNEL32.DLL
0x00007ffb29f20000 - 0x00007ffb2a169000 	C:\WINDOWS\System32\KERNELBASE.dll
0x00007ffb2ad30000 - 0x00007ffb2add1000 	C:\WINDOWS\System32\ADVAPI32.dll
0x00007ffb2b120000 - 0x00007ffb2b1bd000 	C:\WINDOWS\System32\msvcrt.dll
0x00007ffb2cd40000 - 0x00007ffb2cd99000 	C:\WINDOWS\System32\sechost.dll
0x00007ffb2aff0000 - 0x00007ffb2b115000 	C:\WINDOWS\System32\RPCRT4.dll
0x00007ffb2cf10000 - 0x00007ffb2d05a000 	C:\WINDOWS\System32\USER32.dll
0x00007ffb2a2c0000 - 0x00007ffb2a2de000 	C:\WINDOWS\System32\win32u.dll
0x00007ffb2cee0000 - 0x00007ffb2cf07000 	C:\WINDOWS\System32\GDI32.dll
0x00007ffb29d90000 - 0x00007ffb29f17000 	C:\WINDOWS\System32\gdi32full.dll
0x00007ffb29cf0000 - 0x00007ffb29d8a000 	C:\WINDOWS\System32\msvcp_win.dll
0x00007ffb2a1c0000 - 0x00007ffb2a2b6000 	C:\WINDOWS\System32\ucrtbase.dll
0x00007ffb1c720000 - 0x00007ffb1c987000 	C:\WINDOWS\WinSxS\amd64_microsoft.windows.common-controls_6595b64144ccf1df_6.0.15063.483_none_26002d27e7c744a2\COMCTL32.dll
0x00007ffb2c990000 - 0x00007ffb2cc89000 	C:\WINDOWS\System32\combase.dll
0x00007ffb29ab0000 - 0x00007ffb29b1a000 	C:\WINDOWS\System32\bcryptPrimitives.dll
0x00007ffb2cda0000 - 0x00007ffb2cdcd000 	C:\WINDOWS\System32\IMM32.DLL
0x0000000061d00000 - 0x0000000061dd2000 	C:\Program Files\Java\jdk1.8.0_31\jre\bin\msvcr100.dll
0x0000000061ed0000 - 0x000000006272a000 	C:\Program Files\Java\jdk1.8.0_31\jre\bin\server\jvm.dll
0x00007ffb2ac20000 - 0x00007ffb2ac28000 	C:\WINDOWS\System32\PSAPI.DLL
0x00007ffb1dc30000 - 0x00007ffb1dc39000 	C:\WINDOWS\SYSTEM32\WSOCK32.dll
0x00007ffb2d100000 - 0x00007ffb2d16c000 	C:\WINDOWS\System32\WS2_32.dll
0x00007ffb27130000 - 0x00007ffb27153000 	C:\WINDOWS\SYSTEM32\WINMM.dll
0x00007ffb26c40000 - 0x00007ffb26c6b000 	C:\WINDOWS\SYSTEM32\WINMMBASE.dll
0x00007ffb2a170000 - 0x00007ffb2a1b9000 	C:\WINDOWS\System32\cfgmgr32.dll
0x0000000062e50000 - 0x0000000062e5f000 	C:\Program Files\Java\jdk1.8.0_31\jre\bin\verify.dll
0x0000000062e20000 - 0x0000000062e48000 	C:\Program Files\Java\jdk1.8.0_31\jre\bin\java.dll
0x0000000062e00000 - 0x0000000062e16000 	C:\Program Files\Java\jdk1.8.0_31\jre\bin\zip.dll
0x00007ffb2b550000 - 0x00007ffb2c987000 	C:\WINDOWS\System32\SHELL32.dll
0x00007ffb2aaf0000 - 0x00007ffb2ab9a000 	C:\WINDOWS\System32\shcore.dll
0x00007ffb2a3f0000 - 0x00007ffb2aae1000 	C:\WINDOWS\System32\windows.storage.dll
0x00007ffb2b4f0000 - 0x00007ffb2b541000 	C:\WINDOWS\System32\shlwapi.dll
0x00007ffb29a00000 - 0x00007ffb29a11000 	C:\WINDOWS\System32\kernel.appcore.dll
0x00007ffb29a60000 - 0x00007ffb29aac000 	C:\WINDOWS\System32\powrprof.dll
0x00007ffb29a40000 - 0x00007ffb29a55000 	C:\WINDOWS\System32\profapi.dll
0x00007ffb1ded0000 - 0x00007ffb1e079000 	C:\WINDOWS\SYSTEM32\dbghelp.dll

VM Arguments:
jvm_args: -Djava.awt.headless=true -Xmx1024M -Dfile.encoding=x-windows-949 -Duser.country=KR -Duser.language=ko -Duser.variant 
java_command: com.android.dx.command.Main --dex --num-threads=4 --multi-dex --output C:\lsw\AndroidStudioProjects\MemoryTrigger_v1.3\Testing\app\build\intermediates\transforms\dex\dev\debug\folders\1000\1\debug_8eed8b14f263112d17c331edec06a21b1c1bd480 C:\lsw\AndroidStudioProjects\MemoryTrigger_v1.3\Testing\app\build\intermediates\classes\dev\debug
java_class_path (initial): C:\lsw\Android_SDK\build-tools\25.0.3\lib\dx.jar
Launcher Type: SUN_STANDARD

Environment Variables:
PATH=C:\ProgramData\Oracle\Java\javapath;C:\Program Files (x86)\Wizvera\Delfino;C:\lsw\Android_SDK\platform-tools;C:\Program Files (x86)\Dev-Cpp\MinGW64\bin;C:\Program Files\nodejs\;C:\WINDOWS\system32;C:\WINDOWS;C:\WINDOWS\System32\Wbem;C:\WINDOWS\System32\WindowsPowerShell\v1.0\;C:\Program Files (x86)\ATI Technologies\ATI.ACE\Core-Static;C:\opencv\build\x64\vc14\bin;C:\Program Files\Git\cmd;C:\Program Files (x86)\Skype\Phone\;C:\Users\이상원\AppData\Local\Programs\Python\Python35\Scripts\;C:\Users\이상원\AppData\Local\Programs\Python\Python35\;C:\Users\이상원\AppData\Local\Programs\Python\Python36-32\Scripts\;C:\Users\이상원\AppData\Local\Programs\Python\Python36-32\;C:\Program Files\Java\jdk1.8.0_31\bin;C:\WINDOWS\system32;C:\WINDOWS;C:\Users\이상원\AppData\Roaming\npm;C:\Program Files (x86)\Dev-Cpp\MinGW64\bin;C:\Program Files (x86)\Vim\vim74;C:\Users\이상원\vim;C:\Users\이상원\AppData\Local\Microsoft\WindowsApps;C:\Users\이상원\AppData\Local\Google\Cloud SDK\google-cloud-sdk\bin;C:\Users\이상원\AppData\Local\atom\bin;C:\Program Files (x86)\SSH Communications Security\SSH Secure Shell
USERNAME=이상원
OS=Windows_NT
PROCESSOR_IDENTIFIER=Intel64 Family 6 Model 42 Stepping 7, GenuineIntel



---------------  S Y S T E M  ---------------

OS: Windows 8.1 , 64 bit Build 9600 

CPU:total 4 (2 cores per cpu, 2 threads per core) family 6 model 42 stepping 7, cmov, cx8, fxsr, mmx, sse, sse2, sse3, ssse3, sse4.1, sse4.2, popcnt, avx, aes, clmul, ht, tsc, tscinvbit

Memory: 4k page, physical 8280232k(1405204k free), swap 14408872k(10852k free)

vm_info: Java HotSpot(TM) 64-Bit Server VM (25.31-b07) for windows-amd64 JRE (1.8.0_31-b13), built on Dec 17 2014 21:00:28 by "java_re" with MS VC++ 10.0 (VS2010)

time: Mon Nov 27 12:31:31 2017
elapsed time: 19 seconds (0d 0h 0m 19s)

