#
# There is insufficient memory for the Java Runtime Environment to continue.
# Native memory allocation (malloc) failed to allocate 1434576 bytes for Chunk::new
# Possible reasons:
#   The system is out of physical RAM or swap space
#   In 32 bit mode, the process size limit was hit
# Possible solutions:
#   Reduce memory load on the system
#   Increase physical memory or swap space
#   Check if swap backing store is full
#   Use 64 bit Java on a 64 bit OS
#   Decrease Java heap size (-Xmx/-Xms)
#   Decrease number of Java threads
#   Decrease Java thread stack sizes (-Xss)
#   Set larger code cache with -XX:ReservedCodeCacheSize=
# This output file may be truncated or incomplete.
#
#  Out of Memory Error (allocation.cpp:390), pid=17260, tid=9860
#
# JRE version: Java(TM) SE Runtime Environment (8.0_31-b13) (build 1.8.0_31-b13)
# Java VM: Java HotSpot(TM) 64-Bit Server VM (25.31-b07 mixed mode windows-amd64 compressed oops)
# Failed to write core dump. Minidumps are not enabled by default on client versions of Windows
#

---------------  T H R E A D  ---------------

Current thread (0x000000001529c800):  JavaThread "C2 CompilerThread1" daemon [_thread_in_native, id=9860, stack(0x0000000016ca0000,0x0000000016da0000)]

Stack: [0x0000000016ca0000,0x0000000016da0000]
Native frames: (J=compiled Java code, j=interpreted, Vv=VM code, C=native code)
V  [jvm.dll+0x3169ba]
V  [jvm.dll+0x2674c3]
V  [jvm.dll+0x268103]
V  [jvm.dll+0x25f8f5]
V  [jvm.dll+0xbf025]
V  [jvm.dll+0xbf4cc]
V  [jvm.dll+0x45df82]
V  [jvm.dll+0x49f21f]
V  [jvm.dll+0x452b35]
V  [jvm.dll+0x454124]
V  [jvm.dll+0x437c62]
V  [jvm.dll+0x988e2]
V  [jvm.dll+0x990d3]
V  [jvm.dll+0x22c194]
V  [jvm.dll+0x28576a]
C  [msvcr100.dll+0x21d9f]
C  [msvcr100.dll+0x21e3b]
C  [KERNEL32.DLL+0x12774]
C  [ntdll.dll+0x70d51]


Current CompileTask:
C2:   4080 1659   !   4       com.android.dx.cf.code.Ropper::processBlock (1101 bytes)


---------------  P R O C E S S  ---------------

Java Threads: ( => current thread )
  0x0000000016b52000 JavaThread "pool-2-thread-4" [_thread_blocked, id=18060, stack(0x00000000174a0000,0x00000000175a0000)]
  0x0000000016b50000 JavaThread "pool-2-thread-3" [_thread_blocked, id=7312, stack(0x00000000173a0000,0x00000000174a0000)]
  0x0000000016b4f000 JavaThread "pool-2-thread-2" [_thread_blocked, id=17568, stack(0x00000000172a0000,0x00000000173a0000)]
  0x0000000016b4e800 JavaThread "pool-3-thread-1" [_thread_blocked, id=17692, stack(0x00000000171a0000,0x00000000172a0000)]
  0x0000000016b4b800 JavaThread "pool-2-thread-1" [_thread_in_Java, id=12772, stack(0x00000000170a0000,0x00000000171a0000)]
  0x000000001529e800 JavaThread "Service Thread" daemon [_thread_blocked, id=15548, stack(0x0000000016ea0000,0x0000000016fa0000)]
  0x00000000168f0800 JavaThread "C1 CompilerThread2" daemon [_thread_blocked, id=17588, stack(0x0000000016da0000,0x0000000016ea0000)]
=>0x000000001529c800 JavaThread "C2 CompilerThread1" daemon [_thread_in_native, id=9860, stack(0x0000000016ca0000,0x0000000016da0000)]
  0x000000001529a800 JavaThread "C2 CompilerThread0" daemon [_thread_in_native, id=18280, stack(0x00000000167a0000,0x00000000168a0000)]
  0x0000000015250000 JavaThread "Attach Listener" daemon [_thread_blocked, id=16692, stack(0x00000000166a0000,0x00000000167a0000)]
  0x000000001524f000 JavaThread "Signal Dispatcher" daemon [_thread_blocked, id=7688, stack(0x00000000165a0000,0x00000000166a0000)]
  0x0000000002b5f000 JavaThread "Finalizer" daemon [_thread_blocked, id=14848, stack(0x00000000164a0000,0x00000000165a0000)]
  0x0000000002b5c000 JavaThread "Reference Handler" daemon [_thread_blocked, id=8104, stack(0x00000000163a0000,0x00000000164a0000)]
  0x00000000024fe000 JavaThread "main" [_thread_blocked, id=18312, stack(0x0000000002500000,0x0000000002600000)]

Other Threads:
  0x0000000015207000 VMThread [stack: 0x00000000162a0000,0x00000000163a0000] [id=18356]
  0x00000000168fb800 WatcherThread [stack: 0x0000000016fa0000,0x00000000170a0000] [id=16776]

VM state:not at safepoint (normal execution)

VM Mutex/Monitor currently owned by a thread: None

Heap:
 PSYoungGen      total 38400K, used 28975K [0x00000000eab00000, 0x00000000ef600000, 0x0000000100000000)
  eden space 33280K, 71% used [0x00000000eab00000,0x00000000ec24ec80,0x00000000ecb80000)
  from space 5120K, 99% used [0x00000000ed080000,0x00000000ed57d2f8,0x00000000ed580000)
  to   space 5120K, 0% used [0x00000000ecb80000,0x00000000ecb80000,0x00000000ed080000)
 ParOldGen       total 87552K, used 6244K [0x00000000c0000000, 0x00000000c5580000, 0x00000000eab00000)
  object space 87552K, 7% used [0x00000000c0000000,0x00000000c06193e8,0x00000000c5580000)
 Metaspace       used 6261K, capacity 7128K, committed 7424K, reserved 1056768K
  class space    used 612K, capacity 656K, committed 768K, reserved 1048576K

Card table byte_map: [0x0000000011f30000,0x0000000012140000] byte_map_base: 0x0000000011930000

Marking Bits: (ParMarkBitMap*) 0x00000000626ad4f0
 Begin Bits: [0x00000000126a0000, 0x00000000136a0000)
 End Bits:   [0x00000000136a0000, 0x00000000146a0000)

Polling page: 0x0000000000c10000

CodeCache: size=245760Kb used=6713Kb max_used=6723Kb free=239046Kb
 bounds [0x0000000002b70000, 0x0000000003210000, 0x0000000011b70000]
 total_blobs=1910 nmethods=1644 adapters=180
 compilation: enabled

Compilation events (10 events):
Event: 3.978 Thread 0x00000000168f0800 1656       3       com.android.dx.rop.cst.CstNat::equals (48 bytes)
Event: 3.978 Thread 0x00000000168f0800 nmethod 1656 0x00000000031ed010 code [0x00000000031ed1e0, 0x00000000031edbd8]
Event: 3.985 Thread 0x000000001529c800 nmethod 1654 0x00000000032034d0 code [0x0000000003203640, 0x0000000003203b28]
Event: 3.985 Thread 0x000000001529c800 1664       4       com.android.dx.util.IntList::mutableCopy (39 bytes)
Event: 3.987 Thread 0x00000000168f0800 1669       2       com.android.dx.rop.code.Rops::opAput (97 bytes)
Event: 3.988 Thread 0x00000000168f0800 nmethod 1669 0x00000000031f1b10 code [0x00000000031f1ce0, 0x00000000031f2218]
Event: 3.996 Thread 0x00000000168f0800 1675       2       com.android.dx.rop.annotation.Annotations::addAll (59 bytes)
Event: 3.996 Thread 0x000000001529c800 nmethod 1664 0x00000000031efb10 code [0x00000000031efc80, 0x00000000031f0278]
Event: 3.996 Thread 0x000000001529c800 1659   !   4       com.android.dx.cf.code.Ropper::processBlock (1101 bytes)
Event: 3.996 Thread 0x00000000168f0800 nmethod 1675 0x00000000031f11d0 code [0x00000000031f13a0, 0x00000000031f1818]

GC Heap History (4 events):
Event: 3.036 GC heap before
{Heap before GC invocations=1 (full 0):
 PSYoungGen      total 38400K, used 33280K [0x00000000eab00000, 0x00000000ed580000, 0x0000000100000000)
  eden space 33280K, 100% used [0x00000000eab00000,0x00000000ecb80000,0x00000000ecb80000)
  from space 5120K, 0% used [0x00000000ed080000,0x00000000ed080000,0x00000000ed580000)
  to   space 5120K, 0% used [0x00000000ecb80000,0x00000000ecb80000,0x00000000ed080000)
 ParOldGen       total 87552K, used 0K [0x00000000c0000000, 0x00000000c5580000, 0x00000000eab00000)
  object space 87552K, 0% used [0x00000000c0000000,0x00000000c0000000,0x00000000c5580000)
 Metaspace       used 6009K, capacity 6960K, committed 7040K, reserved 1056768K
  class space    used 591K, capacity 616K, committed 640K, reserved 1048576K
Event: 3.047 GC heap after
Heap after GC invocations=1 (full 0):
 PSYoungGen      total 38400K, used 5108K [0x00000000eab00000, 0x00000000ed580000, 0x0000000100000000)
  eden space 33280K, 0% used [0x00000000eab00000,0x00000000eab00000,0x00000000ecb80000)
  from space 5120K, 99% used [0x00000000ecb80000,0x00000000ed07d0c8,0x00000000ed080000)
  to   space 5120K, 0% used [0x00000000ed080000,0x00000000ed080000,0x00000000ed580000)
 ParOldGen       total 87552K, used 1467K [0x00000000c0000000, 0x00000000c5580000, 0x00000000eab00000)
  object space 87552K, 1% used [0x00000000c0000000,0x00000000c016ecf8,0x00000000c5580000)
 Metaspace       used 6009K, capacity 6960K, committed 7040K, reserved 1056768K
  class space    used 591K, capacity 616K, committed 640K, reserved 1048576K
}
Event: 3.445 GC heap before
{Heap before GC invocations=2 (full 0):
 PSYoungGen      total 38400K, used 38388K [0x00000000eab00000, 0x00000000ed580000, 0x0000000100000000)
  eden space 33280K, 100% used [0x00000000eab00000,0x00000000ecb80000,0x00000000ecb80000)
  from space 5120K, 99% used [0x00000000ecb80000,0x00000000ed07d0c8,0x00000000ed080000)
  to   space 5120K, 0% used [0x00000000ed080000,0x00000000ed080000,0x00000000ed580000)
 ParOldGen       total 87552K, used 1467K [0x00000000c0000000, 0x00000000c5580000, 0x00000000eab00000)
  object space 87552K, 1% used [0x00000000c0000000,0x00000000c016ecf8,0x00000000c5580000)
 Metaspace       used 6245K, capacity 7128K, committed 7424K, reserved 1056768K
  class space    used 612K, capacity 656K, committed 768K, reserved 1048576K
Event: 3.462 GC heap after
Heap after GC invocations=2 (full 0):
 PSYoungGen      total 38400K, used 5108K [0x00000000eab00000, 0x00000000ef600000, 0x0000000100000000)
  eden space 33280K, 0% used [0x00000000eab00000,0x00000000eab00000,0x00000000ecb80000)
  from space 5120K, 99% used [0x00000000ed080000,0x00000000ed57d2f8,0x00000000ed580000)
  to   space 5120K, 0% used [0x00000000ecb80000,0x00000000ecb80000,0x00000000ed080000)
 ParOldGen       total 87552K, used 6244K [0x00000000c0000000, 0x00000000c5580000, 0x00000000eab00000)
  object space 87552K, 7% used [0x00000000c0000000,0x00000000c06193e8,0x00000000c5580000)
 Metaspace       used 6245K, capacity 7128K, committed 7424K, reserved 1056768K
  class space    used 612K, capacity 656K, committed 768K, reserved 1048576K
}

Deoptimization events (10 events):
Event: 3.243 Thread 0x0000000016b4f000 Uncommon trap: reason=unreached action=reinterpret pc=0x00000000030fc2fc method=com.android.dx.ssa.SCCP.simulateBranch(Lcom/android/dx/ssa/SsaInsn;)V @ 132
Event: 3.243 Thread 0x0000000016b4f000 Uncommon trap: reason=bimorphic action=maybe_recompile pc=0x0000000002daf78c method=java.util.HashMap.getNode(ILjava/lang/Object;)Ljava/util/HashMap$Node; @ 126
Event: 3.244 Thread 0x0000000016b4f000 Uncommon trap: reason=class_check action=maybe_recompile pc=0x00000000030af27c method=java.util.HashMap.putVal(ILjava/lang/Object;Ljava/lang/Object;ZZ)Ljava/lang/Object; @ 203
Event: 3.244 Thread 0x0000000016b4f000 Uncommon trap: reason=bimorphic action=maybe_recompile pc=0x0000000002daf78c method=java.util.HashMap.getNode(ILjava/lang/Object;)Ljava/util/HashMap$Node; @ 126
Event: 3.244 Thread 0x0000000016b4f000 Uncommon trap: reason=class_check action=maybe_recompile pc=0x00000000030af27c method=java.util.HashMap.putVal(ILjava/lang/Object;Ljava/lang/Object;ZZ)Ljava/lang/Object; @ 203
Event: 3.244 Thread 0x0000000016b4f000 Uncommon trap: reason=bimorphic action=maybe_recompile pc=0x0000000002e2b264 method=java.util.HashMap.getNode(ILjava/lang/Object;)Ljava/util/HashMap$Node; @ 126
Event: 3.380 Thread 0x0000000016b4b800 Uncommon trap: reason=unreached action=reinterpret pc=0x0000000002edf204 method=java.util.HashMap.getNode(ILjava/lang/Object;)Ljava/util/HashMap$Node; @ 84
Event: 3.384 Thread 0x0000000016b4b800 Uncommon trap: reason=unreached action=reinterpret pc=0x0000000002e2b250 method=java.util.HashMap.getNode(ILjava/lang/Object;)Ljava/util/HashMap$Node; @ 84
Event: 3.384 Thread 0x0000000016b4b800 Uncommon trap: reason=unreached action=reinterpret pc=0x0000000002daf770 method=java.util.HashMap.getNode(ILjava/lang/Object;)Ljava/util/HashMap$Node; @ 84
Event: 3.418 Thread 0x0000000016b52000 Uncommon trap: reason=class_check action=maybe_recompile pc=0x00000000030af27c method=java.util.HashMap.putVal(ILjava/lang/Object;Ljava/lang/Object;ZZ)Ljava/lang/Object; @ 203

Internal exceptions (10 events):
Event: 2.103 Thread 0x00000000024fe000 Exception <a 'java/security/PrivilegedActionException'> (0x00000000eb5bbd08) thrown at [C:\workspace\8-2-build-windows-amd64-cygwin\jdk8u31\2394\hotspot\src\share\vm\prims\jvm.cpp, line 1312]
Event: 2.104 Thread 0x00000000024fe000 Exception <a 'java/security/PrivilegedActionException'> (0x00000000eb5c14d0) thrown at [C:\workspace\8-2-build-windows-amd64-cygwin\jdk8u31\2394\hotspot\src\share\vm\prims\jvm.cpp, line 1312]
Event: 2.105 Thread 0x00000000024fe000 Exception <a 'java/security/PrivilegedActionException'> (0x00000000eb5c45e8) thrown at [C:\workspace\8-2-build-windows-amd64-cygwin\jdk8u31\2394\hotspot\src\share\vm\prims\jvm.cpp, line 1312]
Event: 2.107 Thread 0x00000000024fe000 Exception <a 'java/security/PrivilegedActionException'> (0x00000000eb5cf398) thrown at [C:\workspace\8-2-build-windows-amd64-cygwin\jdk8u31\2394\hotspot\src\share\vm\prims\jvm.cpp, line 1312]
Event: 2.137 Thread 0x0000000016b4f000 Exception <a 'java/security/PrivilegedActionException'> (0x00000000eb844638) thrown at [C:\workspace\8-2-build-windows-amd64-cygwin\jdk8u31\2394\hotspot\src\share\vm\prims\jvm.cpp, line 1312]
Event: 2.148 Thread 0x0000000016b50000 Exception <a 'java/security/PrivilegedActionException'> (0x00000000eb8af9a0) thrown at [C:\workspace\8-2-build-windows-amd64-cygwin\jdk8u31\2394\hotspot\src\share\vm\prims\jvm.cpp, line 1312]
Event: 2.608 Thread 0x0000000016b4b800 Exception <a 'java/security/PrivilegedActionException'> (0x00000000ec1834e8) thrown at [C:\workspace\8-2-build-windows-amd64-cygwin\jdk8u31\2394\hotspot\src\share\vm\prims\jvm.cpp, line 1312]
Event: 3.377 Thread 0x0000000016b4b800 Exception <a 'java/lang/ArrayIndexOutOfBoundsException': 18> (0x00000000ec6692f8) thrown at [C:\workspace\8-2-build-windows-amd64-cygwin\jdk8u31\2394\hotspot\src\share\vm\interpreter\interpreterRuntime.cpp, line 366]
Event: 3.378 Thread 0x0000000016b4b800 Exception <a 'java/lang/ArrayIndexOutOfBoundsException': 145> (0x00000000ec66ad90) thrown at [C:\workspace\8-2-build-windows-amd64-cygwin\jdk8u31\2394\hotspot\src\share\vm\interpreter\interpreterRuntime.cpp, line 366]
Event: 3.379 Thread 0x0000000016b4b800 Exception <a 'java/lang/ArrayIndexOutOfBoundsException'> (0x00000000ec66bfa8) thrown at [C:\workspace\8-2-build-windows-amd64-cygwin\jdk8u31\2394\hotspot\src\share\vm\runtime\sharedRuntime.cpp, line 604]

Events (10 events):
Event: 3.384 Thread 0x0000000016b4b800 DEOPT PACKING pc=0x0000000002e2b250 sp=0x000000001719e990
Event: 3.384 Thread 0x0000000016b4b800 DEOPT UNPACKING pc=0x0000000002bb556a sp=0x000000001719e8c0 mode 2
Event: 3.384 Thread 0x0000000016b4b800 Uncommon trap: trap_request=0xffffffad fr.pc=0x0000000002daf770
Event: 3.384 Thread 0x0000000016b4b800 DEOPT PACKING pc=0x0000000002daf770 sp=0x000000001719e8a0
Event: 3.384 Thread 0x0000000016b4b800 DEOPT UNPACKING pc=0x0000000002bb556a sp=0x000000001719e830 mode 2
Event: 3.418 Thread 0x0000000016b52000 Uncommon trap: trap_request=0xffffffde fr.pc=0x00000000030af27c
Event: 3.418 Thread 0x0000000016b52000 DEOPT PACKING pc=0x00000000030af27c sp=0x000000001759ea50
Event: 3.418 Thread 0x0000000016b52000 DEOPT UNPACKING pc=0x0000000002bb556a sp=0x000000001759e9c8 mode 2
Event: 3.442 Executing VM operation: ParallelGCFailedAllocation
Event: 3.462 Executing VM operation: ParallelGCFailedAllocation done


Dynamic libraries:
0x00007ff6a7880000 - 0x00007ff6a78b4000 	C:\Program Files\Java\jdk1.8.0_31\bin\java.exe
0x00007ffb2d5b0000 - 0x00007ffb2d78b000 	C:\WINDOWS\SYSTEM32\ntdll.dll
0x00007ffb2cc90000 - 0x00007ffb2cd3e000 	C:\WINDOWS\System32\KERNEL32.DLL
0x00007ffb29f20000 - 0x00007ffb2a169000 	C:\WINDOWS\System32\KERNELBASE.dll
0x00007ffb2ad30000 - 0x00007ffb2add1000 	C:\WINDOWS\System32\ADVAPI32.dll
0x00007ffb2b120000 - 0x00007ffb2b1bd000 	C:\WINDOWS\System32\msvcrt.dll
0x00007ffb2cd40000 - 0x00007ffb2cd99000 	C:\WINDOWS\System32\sechost.dll
0x00007ffb2aff0000 - 0x00007ffb2b115000 	C:\WINDOWS\System32\RPCRT4.dll
0x00007ffb2cf10000 - 0x00007ffb2d05a000 	C:\WINDOWS\System32\USER32.dll
0x00007ffb2a2c0000 - 0x00007ffb2a2de000 	C:\WINDOWS\System32\win32u.dll
0x00007ffb2cee0000 - 0x00007ffb2cf07000 	C:\WINDOWS\System32\GDI32.dll
0x00007ffb29d90000 - 0x00007ffb29f17000 	C:\WINDOWS\System32\gdi32full.dll
0x00007ffb29cf0000 - 0x00007ffb29d8a000 	C:\WINDOWS\System32\msvcp_win.dll
0x00007ffb2a1c0000 - 0x00007ffb2a2b6000 	C:\WINDOWS\System32\ucrtbase.dll
0x00007ffb1c720000 - 0x00007ffb1c987000 	C:\WINDOWS\WinSxS\amd64_microsoft.windows.common-controls_6595b64144ccf1df_6.0.15063.483_none_26002d27e7c744a2\COMCTL32.dll
0x00007ffb2c990000 - 0x00007ffb2cc89000 	C:\WINDOWS\System32\combase.dll
0x00007ffb29ab0000 - 0x00007ffb29b1a000 	C:\WINDOWS\System32\bcryptPrimitives.dll
0x00007ffb2cda0000 - 0x00007ffb2cdcd000 	C:\WINDOWS\System32\IMM32.DLL
0x0000000061d00000 - 0x0000000061dd2000 	C:\Program Files\Java\jdk1.8.0_31\jre\bin\msvcr100.dll
0x0000000061ed0000 - 0x000000006272a000 	C:\Program Files\Java\jdk1.8.0_31\jre\bin\server\jvm.dll
0x00007ffb2ac20000 - 0x00007ffb2ac28000 	C:\WINDOWS\System32\PSAPI.DLL
0x00007ffb1dc30000 - 0x00007ffb1dc39000 	C:\WINDOWS\SYSTEM32\WSOCK32.dll
0x00007ffb2d100000 - 0x00007ffb2d16c000 	C:\WINDOWS\System32\WS2_32.dll
0x00007ffb27130000 - 0x00007ffb27153000 	C:\WINDOWS\SYSTEM32\WINMM.dll
0x00007ffb26c40000 - 0x00007ffb26c6b000 	C:\WINDOWS\SYSTEM32\WINMMBASE.dll
0x00007ffb2a170000 - 0x00007ffb2a1b9000 	C:\WINDOWS\System32\cfgmgr32.dll
0x0000000062e50000 - 0x0000000062e5f000 	C:\Program Files\Java\jdk1.8.0_31\jre\bin\verify.dll
0x0000000062e20000 - 0x0000000062e48000 	C:\Program Files\Java\jdk1.8.0_31\jre\bin\java.dll
0x0000000062e00000 - 0x0000000062e16000 	C:\Program Files\Java\jdk1.8.0_31\jre\bin\zip.dll
0x00007ffb2b550000 - 0x00007ffb2c987000 	C:\WINDOWS\System32\SHELL32.dll
0x00007ffb2aaf0000 - 0x00007ffb2ab9a000 	C:\WINDOWS\System32\shcore.dll
0x00007ffb2a3f0000 - 0x00007ffb2aae1000 	C:\WINDOWS\System32\windows.storage.dll
0x00007ffb2b4f0000 - 0x00007ffb2b541000 	C:\WINDOWS\System32\shlwapi.dll
0x00007ffb29a00000 - 0x00007ffb29a11000 	C:\WINDOWS\System32\kernel.appcore.dll
0x00007ffb29a60000 - 0x00007ffb29aac000 	C:\WINDOWS\System32\powrprof.dll
0x00007ffb29a40000 - 0x00007ffb29a55000 	C:\WINDOWS\System32\profapi.dll
0x00007ffb1ded0000 - 0x00007ffb1e079000 	C:\WINDOWS\SYSTEM32\dbghelp.dll

VM Arguments:
jvm_args: -Djava.awt.headless=true -Xmx1024M -Dfile.encoding=x-windows-949 -Duser.country=KR -Duser.language=ko -Duser.variant 
java_command: com.android.dx.command.Main --dex --num-threads=4 --multi-dex --output C:\lsw\AndroidStudioProjects\MemoryTrigger_v1.3\Testing\app\build\intermediates\transforms\dex\dev\debug\folders\1000\10\jackson-core-2.1.3_01fd36d101efa22618388d96e44cf442f5e52096 C:\Users\이상원\.gradle\caches\modules-2\files-2.1\com.fasterxml.jackson.core\jackson-core\2.1.3\f6c3aed1cdfa21b5c1737c915186ea93a95a58bd\jackson-core-2.1.3.jar
java_class_path (initial): C:\lsw\Android_SDK\build-tools\25.0.3\lib\dx.jar
Launcher Type: SUN_STANDARD

Environment Variables:
PATH=C:\ProgramData\Oracle\Java\javapath;C:\Program Files (x86)\Wizvera\Delfino;C:\lsw\Android_SDK\platform-tools;C:\Program Files (x86)\Dev-Cpp\MinGW64\bin;C:\Program Files\nodejs\;C:\WINDOWS\system32;C:\WINDOWS;C:\WINDOWS\System32\Wbem;C:\WINDOWS\System32\WindowsPowerShell\v1.0\;C:\Program Files (x86)\ATI Technologies\ATI.ACE\Core-Static;C:\opencv\build\x64\vc14\bin;C:\Program Files\Git\cmd;C:\Program Files (x86)\Skype\Phone\;C:\Users\이상원\AppData\Local\Programs\Python\Python35\Scripts\;C:\Users\이상원\AppData\Local\Programs\Python\Python35\;C:\Users\이상원\AppData\Local\Programs\Python\Python36-32\Scripts\;C:\Users\이상원\AppData\Local\Programs\Python\Python36-32\;C:\Program Files\Java\jdk1.8.0_31\bin;C:\WINDOWS\system32;C:\WINDOWS;C:\Users\이상원\AppData\Roaming\npm;C:\Program Files (x86)\Dev-Cpp\MinGW64\bin;C:\Program Files (x86)\Vim\vim74;C:\Users\이상원\vim;C:\Users\이상원\AppData\Local\Microsoft\WindowsApps;C:\Users\이상원\AppData\Local\Google\Cloud SDK\google-cloud-sdk\bin;C:\Users\이상원\AppData\Local\atom\bin;C:\Program Files (x86)\SSH Communications Security\SSH Secure Shell
USERNAME=이상원
OS=Windows_NT
PROCESSOR_IDENTIFIER=Intel64 Family 6 Model 42 Stepping 7, GenuineIntel



---------------  S Y S T E M  ---------------

OS: Windows 8.1 , 64 bit Build 9600 

CPU:total 4 (2 cores per cpu, 2 threads per core) family 6 model 42 stepping 7, cmov, cx8, fxsr, mmx, sse, sse2, sse3, ssse3, sse4.1, sse4.2, popcnt, avx, aes, clmul, ht, tsc, tscinvbit

Memory: 4k page, physical 8280232k(1507716k free), swap 14408872k(4864k free)

vm_info: Java HotSpot(TM) 64-Bit Server VM (25.31-b07) for windows-amd64 JRE (1.8.0_31-b13), built on Dec 17 2014 21:00:28 by "java_re" with MS VC++ 10.0 (VS2010)

time: Mon Nov 27 12:28:57 2017
elapsed time: 4 seconds (0d 0h 0m 4s)

