#
# There is insufficient memory for the Java Runtime Environment to continue.
# Native memory allocation (malloc) failed to allocate 356336 bytes for Chunk::new
# Possible reasons:
#   The system is out of physical RAM or swap space
#   In 32 bit mode, the process size limit was hit
# Possible solutions:
#   Reduce memory load on the system
#   Increase physical memory or swap space
#   Check if swap backing store is full
#   Use 64 bit Java on a 64 bit OS
#   Decrease Java heap size (-Xmx/-Xms)
#   Decrease number of Java threads
#   Decrease Java thread stack sizes (-Xss)
#   Set larger code cache with -XX:ReservedCodeCacheSize=
# This output file may be truncated or incomplete.
#
#  Out of Memory Error (allocation.cpp:390), pid=18204, tid=17584
#
# JRE version: Java(TM) SE Runtime Environment (8.0_31-b13) (build 1.8.0_31-b13)
# Java VM: Java HotSpot(TM) 64-Bit Server VM (25.31-b07 mixed mode windows-amd64 compressed oops)
# Failed to write core dump. Minidumps are not enabled by default on client versions of Windows
#

---------------  T H R E A D  ---------------

Current thread (0x00000000168f0800):  JavaThread "C2 CompilerThread1" daemon [_thread_in_native, id=17584, stack(0x0000000016cf0000,0x0000000016df0000)]

Stack: [0x0000000016cf0000,0x0000000016df0000]
Native frames: (J=compiled Java code, j=interpreted, Vv=VM code, C=native code)
V  [jvm.dll+0x3169ba]


Current CompileTask:
C2:  12969 2451  s    4       com.android.dx.dex.file.ProtoIdsSection::intern (55 bytes)


---------------  P R O C E S S  ---------------

Java Threads: ( => current thread )
  0x0000000016c30800 JavaThread "pool-1-thread-1" [_thread_in_vm, id=18152, stack(0x0000000018dc0000,0x0000000018ec0000)]
  0x0000000016960000 JavaThread "Service Thread" daemon [_thread_blocked, id=17840, stack(0x0000000016ef0000,0x0000000016ff0000)]
  0x000000001693a000 JavaThread "C1 CompilerThread2" daemon [_thread_blocked, id=18064, stack(0x0000000016df0000,0x0000000016ef0000)]
=>0x00000000168f0800 JavaThread "C2 CompilerThread1" daemon [_thread_in_native, id=17584, stack(0x0000000016cf0000,0x0000000016df0000)]
  0x00000000152ea800 JavaThread "C2 CompilerThread0" daemon [_thread_in_native, id=17576, stack(0x00000000167f0000,0x00000000168f0000)]
  0x000000001529d000 JavaThread "Attach Listener" daemon [_thread_blocked, id=17196, stack(0x00000000166f0000,0x00000000167f0000)]
  0x000000001529c000 JavaThread "Signal Dispatcher" daemon [_thread_blocked, id=11740, stack(0x00000000165f0000,0x00000000166f0000)]
  0x0000000002baf000 JavaThread "Finalizer" daemon [_thread_blocked, id=17924, stack(0x00000000164f0000,0x00000000165f0000)]
  0x0000000002bac000 JavaThread "Reference Handler" daemon [_thread_blocked, id=17932, stack(0x00000000163f0000,0x00000000164f0000)]
  0x0000000002abe000 JavaThread "main" [_thread_blocked, id=17888, stack(0x00000000029b0000,0x0000000002ab0000)]

Other Threads:
  0x0000000015256800 VMThread [stack: 0x00000000162f0000,0x00000000163f0000] [id=17632]
  0x0000000016963000 WatcherThread [stack: 0x0000000016ff0000,0x00000000170f0000] [id=17448]

VM state:not at safepoint (normal execution)

VM Mutex/Monitor currently owned by a thread: None

Heap:
 PSYoungGen      total 293376K, used 146884K [0x00000000eab00000, 0x0000000100000000, 0x0000000100000000)
  eden space 251392K, 45% used [0x00000000eab00000,0x00000000f19818b0,0x00000000fa080000)
  from space 41984K, 80% used [0x00000000fa080000,0x00000000fc16f8d0,0x00000000fc980000)
  to   space 55808K, 0% used [0x00000000fc980000,0x00000000fc980000,0x0000000100000000)
 ParOldGen       total 87552K, used 87378K [0x00000000c0000000, 0x00000000c5580000, 0x00000000eab00000)
  object space 87552K, 99% used [0x00000000c0000000,0x00000000c5554970,0x00000000c5580000)
 Metaspace       used 6652K, capacity 7384K, committed 7680K, reserved 1056768K
  class space    used 624K, capacity 656K, committed 768K, reserved 1048576K

Card table byte_map: [0x0000000011f80000,0x0000000012190000] byte_map_base: 0x0000000011980000

Marking Bits: (ParMarkBitMap*) 0x00000000626ad4f0
 Begin Bits: [0x00000000126f0000, 0x00000000136f0000)
 End Bits:   [0x00000000136f0000, 0x00000000146f0000)

Polling page: 0x0000000000870000

CodeCache: size=245760Kb used=11234Kb max_used=11250Kb free=234525Kb
 bounds [0x0000000002bc0000, 0x00000000036d0000, 0x0000000011bc0000]
 total_blobs=2698 nmethods=2431 adapters=180
 compilation: enabled

Compilation events (10 events):
Event: 12.934 Thread 0x000000001693a000 2449       3       com.android.dx.dex.file.ProtoIdItem::makeShortForm (74 bytes)
Event: 12.936 Thread 0x000000001693a000 nmethod 2449 0x00000000036bf150 code [0x00000000036bf400, 0x00000000036c0ba8]
Event: 12.937 Thread 0x00000000152ea800 nmethod 2444 0x00000000036b2c90 code [0x00000000036b2e00, 0x00000000036b3258]
Event: 12.937 Thread 0x00000000152ea800 2447       4       java.lang.AbstractStringBuilder::<init> (12 bytes)
Event: 12.938 Thread 0x00000000152ea800 nmethod 2447 0x00000000036b2990 code [0x00000000036b2ae0, 0x00000000036b2bf8]
Event: 12.939 Thread 0x00000000168f0800 nmethod 2446 0x00000000036c7290 code [0x00000000036c7400, 0x00000000036c7898]
Event: 12.939 Thread 0x00000000152ea800 2450       4       com.android.dx.rop.cst.CstString::<init> (42 bytes)
Event: 12.946 Thread 0x00000000168f0800 2451  s    4       com.android.dx.dex.file.ProtoIdsSection::intern (55 bytes)
Event: 12.954 Thread 0x00000000152ea800 nmethod 2450 0x00000000036c2d50 code [0x00000000036c2ec0, 0x00000000036c3848]
Event: 12.954 Thread 0x00000000152ea800 2452       4       com.android.dx.dex.file.MethodIdItem::addContents (23 bytes)

GC Heap History (10 events):
Event: 3.659 GC heap before
{Heap before GC invocations=6 (full 0):
 PSYoungGen      total 71680K, used 71671K [0x00000000eab00000, 0x00000000f4f00000, 0x0000000100000000)
  eden space 66560K, 100% used [0x00000000eab00000,0x00000000eec00000,0x00000000eec00000)
  from space 5120K, 99% used [0x00000000eec00000,0x00000000ef0fdfd8,0x00000000ef100000)
  to   space 17408K, 0% used [0x00000000f3e00000,0x00000000f3e00000,0x00000000f4f00000)
 ParOldGen       total 87552K, used 24062K [0x00000000c0000000, 0x00000000c5580000, 0x00000000eab00000)
  object space 87552K, 27% used [0x00000000c0000000,0x00000000c177fa58,0x00000000c5580000)
 Metaspace       used 6500K, capacity 7256K, committed 7424K, reserved 1056768K
  class space    used 617K, capacity 656K, committed 768K, reserved 1048576K
Event: 3.696 GC heap after
Heap after GC invocations=6 (full 0):
 PSYoungGen      total 147968K, used 16183K [0x00000000eab00000, 0x00000000f5400000, 0x0000000100000000)
  eden space 130560K, 0% used [0x00000000eab00000,0x00000000eab00000,0x00000000f2a80000)
  from space 17408K, 92% used [0x00000000f3e00000,0x00000000f4dcdfd8,0x00000000f4f00000)
  to   space 19968K, 0% used [0x00000000f2a80000,0x00000000f2a80000,0x00000000f3e00000)
 ParOldGen       total 87552K, used 24062K [0x00000000c0000000, 0x00000000c5580000, 0x00000000eab00000)
  object space 87552K, 27% used [0x00000000c0000000,0x00000000c177fa58,0x00000000c5580000)
 Metaspace       used 6500K, capacity 7256K, committed 7424K, reserved 1056768K
  class space    used 617K, capacity 656K, committed 768K, reserved 1048576K
}
Event: 4.513 GC heap before
{Heap before GC invocations=7 (full 0):
 PSYoungGen      total 147968K, used 146743K [0x00000000eab00000, 0x00000000f5400000, 0x0000000100000000)
  eden space 130560K, 100% used [0x00000000eab00000,0x00000000f2a80000,0x00000000f2a80000)
  from space 17408K, 92% used [0x00000000f3e00000,0x00000000f4dcdfd8,0x00000000f4f00000)
  to   space 19968K, 0% used [0x00000000f2a80000,0x00000000f2a80000,0x00000000f3e00000)
 ParOldGen       total 87552K, used 24062K [0x00000000c0000000, 0x00000000c5580000, 0x00000000eab00000)
  object space 87552K, 27% used [0x00000000c0000000,0x00000000c177fa58,0x00000000c5580000)
 Metaspace       used 6515K, capacity 7256K, committed 7424K, reserved 1056768K
  class space    used 617K, capacity 656K, committed 768K, reserved 1048576K
Event: 4.598 GC heap after
Heap after GC invocations=7 (full 0):
 PSYoungGen      total 150528K, used 19959K [0x00000000eab00000, 0x00000000fe900000, 0x0000000100000000)
  eden space 130560K, 0% used [0x00000000eab00000,0x00000000eab00000,0x00000000f2a80000)
  from space 19968K, 99% used [0x00000000f2a80000,0x00000000f3dfdfe8,0x00000000f3e00000)
  to   space 32256K, 0% used [0x00000000fc980000,0x00000000fc980000,0x00000000fe900000)
 ParOldGen       total 87552K, used 42314K [0x00000000c0000000, 0x00000000c5580000, 0x00000000eab00000)
  object space 87552K, 48% used [0x00000000c0000000,0x00000000c2952be8,0x00000000c5580000)
 Metaspace       used 6515K, capacity 7256K, committed 7424K, reserved 1056768K
  class space    used 617K, capacity 656K, committed 768K, reserved 1048576K
}
Event: 5.291 GC heap before
{Heap before GC invocations=8 (full 0):
 PSYoungGen      total 150528K, used 150519K [0x00000000eab00000, 0x00000000fe900000, 0x0000000100000000)
  eden space 130560K, 100% used [0x00000000eab00000,0x00000000f2a80000,0x00000000f2a80000)
  from space 19968K, 99% used [0x00000000f2a80000,0x00000000f3dfdfe8,0x00000000f3e00000)
  to   space 32256K, 0% used [0x00000000fc980000,0x00000000fc980000,0x00000000fe900000)
 ParOldGen       total 87552K, used 42314K [0x00000000c0000000, 0x00000000c5580000, 0x00000000eab00000)
  object space 87552K, 48% used [0x00000000c0000000,0x00000000c2952be8,0x00000000c5580000)
 Metaspace       used 6517K, capacity 7256K, committed 7424K, reserved 1056768K
  class space    used 617K, capacity 656K, committed 768K, reserved 1048576K
Event: 5.368 GC heap after
Heap after GC invocations=8 (full 0):
 PSYoungGen      total 283648K, used 32244K [0x00000000eab00000, 0x00000000ffc00000, 0x0000000100000000)
  eden space 251392K, 0% used [0x00000000eab00000,0x00000000eab00000,0x00000000fa080000)
  from space 32256K, 99% used [0x00000000fc980000,0x00000000fe8fd0f0,0x00000000fe900000)
  to   space 41984K, 0% used [0x00000000fa080000,0x00000000fa080000,0x00000000fc980000)
 ParOldGen       total 87552K, used 51603K [0x00000000c0000000, 0x00000000c5580000, 0x00000000eab00000)
  object space 87552K, 58% used [0x00000000c0000000,0x00000000c3264e38,0x00000000c5580000)
 Metaspace       used 6517K, capacity 7256K, committed 7424K, reserved 1056768K
  class space    used 617K, capacity 656K, committed 768K, reserved 1048576K
}
Event: 6.873 GC heap before
{Heap before GC invocations=9 (full 0):
 PSYoungGen      total 283648K, used 283636K [0x00000000eab00000, 0x00000000ffc00000, 0x0000000100000000)
  eden space 251392K, 100% used [0x00000000eab00000,0x00000000fa080000,0x00000000fa080000)
  from space 32256K, 99% used [0x00000000fc980000,0x00000000fe8fd0f0,0x00000000fe900000)
  to   space 41984K, 0% used [0x00000000fa080000,0x00000000fa080000,0x00000000fc980000)
 ParOldGen       total 87552K, used 51603K [0x00000000c0000000, 0x00000000c5580000, 0x00000000eab00000)
  object space 87552K, 58% used [0x00000000c0000000,0x00000000c3264e38,0x00000000c5580000)
 Metaspace       used 6538K, capacity 7320K, committed 7680K, reserved 1056768K
  class space    used 617K, capacity 656K, committed 768K, reserved 1048576K
Event: 7.473 GC heap after
Heap after GC invocations=9 (full 0):
 PSYoungGen      total 293376K, used 41962K [0x00000000eab00000, 0x0000000100000000, 0x0000000100000000)
  eden space 251392K, 0% used [0x00000000eab00000,0x00000000eab00000,0x00000000fa080000)
  from space 41984K, 99% used [0x00000000fa080000,0x00000000fc97ab50,0x00000000fc980000)
  to   space 55808K, 0% used [0x00000000fc980000,0x00000000fc980000,0x0000000100000000)
 ParOldGen       total 87552K, used 83527K [0x00000000c0000000, 0x00000000c5580000, 0x00000000eab00000)
  object space 87552K, 95% used [0x00000000c0000000,0x00000000c5191c50,0x00000000c5580000)
 Metaspace       used 6538K, capacity 7320K, committed 7680K, reserved 1056768K
  class space    used 617K, capacity 656K, committed 768K, reserved 1048576K
}
Event: 7.473 GC heap before
{Heap before GC invocations=10 (full 1):
 PSYoungGen      total 293376K, used 41962K [0x00000000eab00000, 0x0000000100000000, 0x0000000100000000)
  eden space 251392K, 0% used [0x00000000eab00000,0x00000000eab00000,0x00000000fa080000)
  from space 41984K, 99% used [0x00000000fa080000,0x00000000fc97ab50,0x00000000fc980000)
  to   space 55808K, 0% used [0x00000000fc980000,0x00000000fc980000,0x0000000100000000)
 ParOldGen       total 87552K, used 83527K [0x00000000c0000000, 0x00000000c5580000, 0x00000000eab00000)
  object space 87552K, 95% used [0x00000000c0000000,0x00000000c5191c50,0x00000000c5580000)
 Metaspace       used 6538K, capacity 7320K, committed 7680K, reserved 1056768K
  class space    used 617K, capacity 656K, committed 768K, reserved 1048576K
Event: 9.100 GC heap after
Heap after GC invocations=10 (full 1):
 PSYoungGen      total 293376K, used 33726K [0x00000000eab00000, 0x0000000100000000, 0x0000000100000000)
  eden space 251392K, 0% used [0x00000000eab00000,0x00000000eab00000,0x00000000fa080000)
  from space 41984K, 80% used [0x00000000fa080000,0x00000000fc16f8d0,0x00000000fc980000)
  to   space 55808K, 0% used [0x00000000fc980000,0x00000000fc980000,0x0000000100000000)
 ParOldGen       total 87552K, used 87378K [0x00000000c0000000, 0x00000000c5580000, 0x00000000eab00000)
  object space 87552K, 99% used [0x00000000c0000000,0x00000000c5554970,0x00000000c5580000)
 Metaspace       used 6538K, capacity 7320K, committed 7680K, reserved 1056768K
  class space    used 617K, capacity 656K, committed 768K, reserved 1048576K
}

Deoptimization events (10 events):
Event: 6.390 Thread 0x0000000016c27000 Uncommon trap: reason=bimorphic action=maybe_recompile pc=0x0000000003533fc8 method=com.android.dx.cf.code.BytecodeArray.parseInstruction(ILcom/android/dx/cf/code/BytecodeArray$Visitor;)I @ 1161
Event: 6.782 Thread 0x0000000016c33800 Uncommon trap: reason=bimorphic action=maybe_recompile pc=0x00000000033ac3f4 method=com.android.dx.cf.code.OneLocalsArray.set(ILcom/android/dx/rop/type/TypeBearer;)V @ 85
Event: 9.347 Thread 0x0000000016c37800 Uncommon trap: reason=class_check action=maybe_recompile pc=0x00000000035835b0 method=com.android.dx.cf.code.BytecodeArray.parseInstruction(ILcom/android/dx/cf/code/BytecodeArray$Visitor;)I @ 2017
Event: 9.508 Thread 0x0000000016c37800 Uncommon trap: reason=bimorphic action=maybe_recompile pc=0x00000000033ac3f4 method=com.android.dx.cf.code.OneLocalsArray.set(ILcom/android/dx/rop/type/TypeBearer;)V @ 85
Event: 9.515 Thread 0x0000000016c27000 Uncommon trap: reason=bimorphic action=maybe_recompile pc=0x00000000033ac3f4 method=com.android.dx.cf.code.OneLocalsArray.set(ILcom/android/dx/rop/type/TypeBearer;)V @ 85
Event: 10.125 Thread 0x0000000016c30800 Uncommon trap: reason=class_check action=maybe_recompile pc=0x00000000030a3810 method=java.util.Arrays.hashCode([Ljava/lang/Object;)I @ 43
Event: 10.125 Thread 0x0000000016c30800 Uncommon trap: reason=class_check action=maybe_recompile pc=0x00000000030a3810 method=java.util.Arrays.hashCode([Ljava/lang/Object;)I @ 43
Event: 10.125 Thread 0x0000000016c30800 Uncommon trap: reason=class_check action=maybe_recompile pc=0x00000000030a3810 method=java.util.Arrays.hashCode([Ljava/lang/Object;)I @ 43
Event: 10.125 Thread 0x0000000016c30800 Uncommon trap: reason=class_check action=maybe_recompile pc=0x00000000030a3810 method=java.util.Arrays.hashCode([Ljava/lang/Object;)I @ 43
Event: 10.125 Thread 0x0000000016c30800 Uncommon trap: reason=class_check action=maybe_recompile pc=0x000000000309f200 method=java.util.Arrays.hashCode([Ljava/lang/Object;)I @ 43

Internal exceptions (10 events):
Event: 5.547 Thread 0x0000000016c27000 Exception <a 'java/security/PrivilegedActionException'> (0x00000000eceecca0) thrown at [C:\workspace\8-2-build-windows-amd64-cygwin\jdk8u31\2394\hotspot\src\share\vm\prims\jvm.cpp, line 1312]
Event: 5.591 Thread 0x0000000016c27000 Implicit null exception at 0x000000000342f00a to 0x0000000003432ccd
Event: 5.591 Thread 0x0000000016c27000 Implicit null exception at 0x0000000003141b78 to 0x0000000003141dc5
Event: 5.592 Thread 0x0000000016c27000 Implicit null exception at 0x000000000337d97d to 0x000000000337ff09
Event: 6.256 Thread 0x0000000002abe000 Exception <a 'java/security/PrivilegedActionException'> (0x00000000f3c3a060) thrown at [C:\workspace\8-2-build-windows-amd64-cygwin\jdk8u31\2394\hotspot\src\share\vm\prims\jvm.cpp, line 1312]
Event: 9.736 Thread 0x0000000002abe000 Exception <a 'java/security/PrivilegedActionException'> (0x00000000f094f1b8) thrown at [C:\workspace\8-2-build-windows-amd64-cygwin\jdk8u31\2394\hotspot\src\share\vm\prims\jvm.cpp, line 1312]
Event: 9.892 Thread 0x0000000002abe000 Exception <a 'java/security/PrivilegedActionException'> (0x00000000f0951a78) thrown at [C:\workspace\8-2-build-windows-amd64-cygwin\jdk8u31\2394\hotspot\src\share\vm\prims\jvm.cpp, line 1312]
Event: 10.127 Thread 0x0000000016c30800 Exception <a 'java/security/PrivilegedActionException'> (0x00000000f0b4da70) thrown at [C:\workspace\8-2-build-windows-amd64-cygwin\jdk8u31\2394\hotspot\src\share\vm\prims\jvm.cpp, line 1312]
Event: 10.384 Thread 0x0000000016c30800 Exception <a 'java/security/PrivilegedActionException'> (0x00000000f0e2a6a8) thrown at [C:\workspace\8-2-build-windows-amd64-cygwin\jdk8u31\2394\hotspot\src\share\vm\prims\jvm.cpp, line 1312]
Event: 12.527 Thread 0x0000000016c30800 Exception <a 'java/security/PrivilegedActionException'> (0x00000000f1892dd8) thrown at [C:\workspace\8-2-build-windows-amd64-cygwin\jdk8u31\2394\hotspot\src\share\vm\prims\jvm.cpp, line 1312]

Events (10 events):
Event: 10.497 Thread 0x0000000016c30800 DEOPT PACKING pc=0x000000000362fe98 sp=0x0000000018ebec60
Event: 10.497 Thread 0x0000000016c30800 DEOPT UNPACKING pc=0x0000000002c075bf sp=0x0000000018ebea08 mode 0
Event: 10.534 Thread 0x0000000016c30800 DEOPT PACKING pc=0x0000000003632244 sp=0x0000000018ebed70
Event: 10.534 Thread 0x0000000016c30800 DEOPT UNPACKING pc=0x0000000002c075bf sp=0x0000000018ebeac0 mode 0
Event: 10.725 Thread 0x0000000016c30800 DEOPT PACKING pc=0x0000000003633988 sp=0x0000000018ebee00
Event: 10.725 Thread 0x0000000016c30800 DEOPT UNPACKING pc=0x0000000002c075bf sp=0x0000000018ebeb80 mode 0
Event: 12.527 loading class com/android/dx/dex/file/ProtoIdItem
Event: 12.527 loading class com/android/dx/dex/file/ProtoIdItem done
Event: 12.549 Thread 0x0000000016c30800 DEOPT PACKING pc=0x0000000002d651ff sp=0x0000000018ebcad0
Event: 12.549 Thread 0x0000000016c30800 DEOPT UNPACKING pc=0x0000000002c075bf sp=0x0000000018ebc800 mode 0


Dynamic libraries:
0x00007ff6a7880000 - 0x00007ff6a78b4000 	C:\Program Files\Java\jdk1.8.0_31\bin\java.exe
0x00007ffb2d5b0000 - 0x00007ffb2d78b000 	C:\WINDOWS\SYSTEM32\ntdll.dll
0x00007ffb2cc90000 - 0x00007ffb2cd3e000 	C:\WINDOWS\System32\KERNEL32.DLL
0x00007ffb29f20000 - 0x00007ffb2a169000 	C:\WINDOWS\System32\KERNELBASE.dll
0x00007ffb2ad30000 - 0x00007ffb2add1000 	C:\WINDOWS\System32\ADVAPI32.dll
0x00007ffb2b120000 - 0x00007ffb2b1bd000 	C:\WINDOWS\System32\msvcrt.dll
0x00007ffb2cd40000 - 0x00007ffb2cd99000 	C:\WINDOWS\System32\sechost.dll
0x00007ffb2aff0000 - 0x00007ffb2b115000 	C:\WINDOWS\System32\RPCRT4.dll
0x00007ffb2cf10000 - 0x00007ffb2d05a000 	C:\WINDOWS\System32\USER32.dll
0x00007ffb2a2c0000 - 0x00007ffb2a2de000 	C:\WINDOWS\System32\win32u.dll
0x00007ffb2cee0000 - 0x00007ffb2cf07000 	C:\WINDOWS\System32\GDI32.dll
0x00007ffb29d90000 - 0x00007ffb29f17000 	C:\WINDOWS\System32\gdi32full.dll
0x00007ffb29cf0000 - 0x00007ffb29d8a000 	C:\WINDOWS\System32\msvcp_win.dll
0x00007ffb2a1c0000 - 0x00007ffb2a2b6000 	C:\WINDOWS\System32\ucrtbase.dll
0x00007ffb1c720000 - 0x00007ffb1c987000 	C:\WINDOWS\WinSxS\amd64_microsoft.windows.common-controls_6595b64144ccf1df_6.0.15063.483_none_26002d27e7c744a2\COMCTL32.dll
0x00007ffb2c990000 - 0x00007ffb2cc89000 	C:\WINDOWS\System32\combase.dll
0x00007ffb29ab0000 - 0x00007ffb29b1a000 	C:\WINDOWS\System32\bcryptPrimitives.dll
0x00007ffb2cda0000 - 0x00007ffb2cdcd000 	C:\WINDOWS\System32\IMM32.DLL
0x0000000061d00000 - 0x0000000061dd2000 	C:\Program Files\Java\jdk1.8.0_31\jre\bin\msvcr100.dll
0x0000000061ed0000 - 0x000000006272a000 	C:\Program Files\Java\jdk1.8.0_31\jre\bin\server\jvm.dll
0x00007ffb2ac20000 - 0x00007ffb2ac28000 	C:\WINDOWS\System32\PSAPI.DLL
0x00007ffb1dc30000 - 0x00007ffb1dc39000 	C:\WINDOWS\SYSTEM32\WSOCK32.dll
0x00007ffb2d100000 - 0x00007ffb2d16c000 	C:\WINDOWS\System32\WS2_32.dll
0x00007ffb27130000 - 0x00007ffb27153000 	C:\WINDOWS\SYSTEM32\WINMM.dll
0x00007ffb26c40000 - 0x00007ffb26c6b000 	C:\WINDOWS\SYSTEM32\WINMMBASE.dll
0x00007ffb2a170000 - 0x00007ffb2a1b9000 	C:\WINDOWS\System32\cfgmgr32.dll
0x0000000062e50000 - 0x0000000062e5f000 	C:\Program Files\Java\jdk1.8.0_31\jre\bin\verify.dll
0x0000000062e20000 - 0x0000000062e48000 	C:\Program Files\Java\jdk1.8.0_31\jre\bin\java.dll
0x0000000062e00000 - 0x0000000062e16000 	C:\Program Files\Java\jdk1.8.0_31\jre\bin\zip.dll
0x00007ffb2b550000 - 0x00007ffb2c987000 	C:\WINDOWS\System32\SHELL32.dll
0x00007ffb2aaf0000 - 0x00007ffb2ab9a000 	C:\WINDOWS\System32\shcore.dll
0x00007ffb2a3f0000 - 0x00007ffb2aae1000 	C:\WINDOWS\System32\windows.storage.dll
0x00007ffb2b4f0000 - 0x00007ffb2b541000 	C:\WINDOWS\System32\shlwapi.dll
0x00007ffb29a00000 - 0x00007ffb29a11000 	C:\WINDOWS\System32\kernel.appcore.dll
0x00007ffb29a60000 - 0x00007ffb29aac000 	C:\WINDOWS\System32\powrprof.dll
0x00007ffb29a40000 - 0x00007ffb29a55000 	C:\WINDOWS\System32\profapi.dll

VM Arguments:
jvm_args: -Djava.awt.headless=true -Xmx1024M -Dfile.encoding=x-windows-949 -Duser.country=KR -Duser.language=ko -Duser.variant 
java_command: com.android.dx.command.Main --dex --num-threads=4 --multi-dex --output C:\lsw\AndroidStudioProjects\MemoryTrigger_v1.3\Testing\app\build\intermediates\transforms\dex\dev\debug\folders\1000\10\guava-19.0_739b1a77b7bbfa2ecb55394eed4fb8e2de6a5ca1 C:\Users\이상원\.gradle\caches\modules-2\files-2.1\com.google.guava\guava\19.0\6ce200f6b23222af3d8abb6b6459e6c44f4bb0e9\guava-19.0.jar
java_class_path (initial): C:\lsw\Android_SDK\build-tools\25.0.3\lib\dx.jar
Launcher Type: SUN_STANDARD

Environment Variables:
PATH=C:\ProgramData\Oracle\Java\javapath;C:\Program Files (x86)\Wizvera\Delfino;C:\lsw\Android_SDK\platform-tools;C:\Program Files (x86)\Dev-Cpp\MinGW64\bin;C:\Program Files\nodejs\;C:\WINDOWS\system32;C:\WINDOWS;C:\WINDOWS\System32\Wbem;C:\WINDOWS\System32\WindowsPowerShell\v1.0\;C:\Program Files (x86)\ATI Technologies\ATI.ACE\Core-Static;C:\opencv\build\x64\vc14\bin;C:\Program Files\Git\cmd;C:\Program Files (x86)\Skype\Phone\;C:\Users\이상원\AppData\Local\Programs\Python\Python35\Scripts\;C:\Users\이상원\AppData\Local\Programs\Python\Python35\;C:\Users\이상원\AppData\Local\Programs\Python\Python36-32\Scripts\;C:\Users\이상원\AppData\Local\Programs\Python\Python36-32\;C:\Program Files\Java\jdk1.8.0_31\bin;C:\WINDOWS\system32;C:\WINDOWS;C:\Users\이상원\AppData\Roaming\npm;C:\Program Files (x86)\Dev-Cpp\MinGW64\bin;C:\Program Files (x86)\Vim\vim74;C:\Users\이상원\vim;C:\Users\이상원\AppData\Local\Microsoft\WindowsApps;C:\Users\이상원\AppData\Local\Google\Cloud SDK\google-cloud-sdk\bin;C:\Users\이상원\AppData\Local\atom\bin;C:\Program Files (x86)\SSH Communications Security\SSH Secure Shell
USERNAME=이상원
OS=Windows_NT
PROCESSOR_IDENTIFIER=Intel64 Family 6 Model 42 Stepping 7, GenuineIntel



---------------  S Y S T E M  ---------------

OS: Windows 8.1 , 64 bit Build 9600 

CPU:total 4 (2 cores per cpu, 2 threads per core) family 6 model 42 stepping 7, cmov, cx8, fxsr, mmx, sse, sse2, sse3, ssse3, sse4.1, sse4.2, popcnt, avx, aes, clmul, ht, tsc, tscinvbit

Memory: 4k page, physical 8280232k(1504804k free), swap 14408872k(2352k free)

vm_info: Java HotSpot(TM) 64-Bit Server VM (25.31-b07) for windows-amd64 JRE (1.8.0_31-b13), built on Dec 17 2014 21:00:28 by "java_re" with MS VC++ 10.0 (VS2010)

time: Mon Nov 27 12:28:57 2017
elapsed time: 12 seconds (0d 0h 0m 12s)

