#
# There is insufficient memory for the Java Runtime Environment to continue.
# Native memory allocation (malloc) failed to allocate 8896 bytes for AllocateHeap
# Possible reasons:
#   The system is out of physical RAM or swap space
#   In 32 bit mode, the process size limit was hit
# Possible solutions:
#   Reduce memory load on the system
#   Increase physical memory or swap space
#   Check if swap backing store is full
#   Use 64 bit Java on a 64 bit OS
#   Decrease Java heap size (-Xmx/-Xms)
#   Decrease number of Java threads
#   Decrease Java thread stack sizes (-Xss)
#   Set larger code cache with -XX:ReservedCodeCacheSize=
# This output file may be truncated or incomplete.
#
#  Out of Memory Error (memory/allocation.inline.hpp:62), pid=16748, tid=17272
#
# JRE version: Java(TM) SE Runtime Environment (8.0_31-b13) (build 1.8.0_31-b13)
# Java VM: Java HotSpot(TM) 64-Bit Server VM (25.31-b07 mixed mode windows-amd64 compressed oops)
# Failed to write core dump. Minidumps are not enabled by default on client versions of Windows
#

---------------  T H R E A D  ---------------

Current thread (0x0000000016db9800):  JavaThread "C1 CompilerThread2" daemon [_thread_in_vm, id=17272, stack(0x0000000017260000,0x0000000017360000)]

Stack: [0x0000000017260000,0x0000000017360000]
Native frames: (J=compiled Java code, j=interpreted, Vv=VM code, C=native code)
V  [jvm.dll+0x3169ba]
V  [jvm.dll+0x2674c3]
V  [jvm.dll+0x268103]
V  [jvm.dll+0x25f8f5]
V  [jvm.dll+0x8182e]
V  [jvm.dll+0x81d6b]
V  [jvm.dll+0x8e8e3]
V  [jvm.dll+0x90382]
V  [jvm.dll+0x27c7e]
V  [jvm.dll+0x3ecef9]
V  [jvm.dll+0x3edea4]
V  [jvm.dll+0x3ee04e]
V  [jvm.dll+0x3ee24f]
V  [jvm.dll+0x988e2]
V  [jvm.dll+0x990d3]
V  [jvm.dll+0x22c194]
V  [jvm.dll+0x28576a]
C  [msvcr100.dll+0x21d9f]
C  [msvcr100.dll+0x21e3b]
C  [KERNEL32.DLL+0x12774]
C  [ntdll.dll+0x70d51]


Current CompileTask:
C1:   4200 1137       3       com.android.dx.ssa.SsaConverter::placePhiFunctions (394 bytes)


---------------  P R O C E S S  ---------------

Java Threads: ( => current thread )
  0x0000000016f3f000 JavaThread "pool-2-thread-4" [_thread_blocked, id=17852, stack(0x0000000017960000,0x0000000017a60000)]
  0x0000000016f3d000 JavaThread "pool-2-thread-3" [_thread_blocked, id=18340, stack(0x0000000017860000,0x0000000017960000)]
  0x0000000016f3c000 JavaThread "pool-2-thread-2" [_thread_blocked, id=18316, stack(0x0000000017760000,0x0000000017860000)]
  0x0000000016f3b000 JavaThread "pool-3-thread-1" [_thread_blocked, id=17676, stack(0x0000000017660000,0x0000000017760000)]
  0x0000000016f32000 JavaThread "pool-2-thread-1" [_thread_blocked, id=17904, stack(0x0000000017560000,0x0000000017660000)]
  0x000000001576e800 JavaThread "Service Thread" daemon [_thread_blocked, id=17696, stack(0x0000000017360000,0x0000000017460000)]
=>0x0000000016db9800 JavaThread "C1 CompilerThread2" daemon [_thread_in_vm, id=17272, stack(0x0000000017260000,0x0000000017360000)]
  0x000000001576c800 JavaThread "C2 CompilerThread1" daemon [_thread_blocked, id=18128, stack(0x0000000017160000,0x0000000017260000)]
  0x000000001576a800 JavaThread "C2 CompilerThread0" daemon [_thread_blocked, id=17644, stack(0x0000000016c60000,0x0000000016d60000)]
  0x000000001571f000 JavaThread "Attach Listener" daemon [_thread_blocked, id=14292, stack(0x0000000016b60000,0x0000000016c60000)]
  0x000000001571e000 JavaThread "Signal Dispatcher" daemon [_thread_blocked, id=17984, stack(0x0000000016a60000,0x0000000016b60000)]
  0x000000000302f000 JavaThread "Finalizer" daemon [_thread_blocked, id=13820, stack(0x0000000016960000,0x0000000016a60000)]
  0x000000000302c000 JavaThread "Reference Handler" daemon [_thread_blocked, id=16240, stack(0x0000000016860000,0x0000000016960000)]
  0x0000000002e3e000 JavaThread "main" [_thread_blocked, id=18260, stack(0x0000000002cb0000,0x0000000002db0000)]

Other Threads:
  0x00000000156d7000 VMThread [stack: 0x0000000016760000,0x0000000016860000] [id=7936]
  0x0000000016df0000 WatcherThread [stack: 0x0000000017460000,0x0000000017560000] [id=17664]

VM state:not at safepoint (normal execution)

VM Mutex/Monitor currently owned by a thread:  ([mutex/lock_event])
[0x0000000002e3bee0] CodeCache_lock - owner thread: 0x0000000016db9800
[0x0000000002f41ad0] Compile_lock - owner thread: 0x0000000016db9800
[0x0000000002f408d0] MethodCompileQueue_lock - owner thread: 0x0000000016db9800

Heap:
 PSYoungGen      total 38400K, used 26642K [0x00000000eab00000, 0x00000000ed580000, 0x0000000100000000)
  eden space 33280K, 80% used [0x00000000eab00000,0x00000000ec5049e8,0x00000000ecb80000)
  from space 5120K, 0% used [0x00000000ed080000,0x00000000ed080000,0x00000000ed580000)
  to   space 5120K, 0% used [0x00000000ecb80000,0x00000000ecb80000,0x00000000ed080000)
 ParOldGen       total 87552K, used 0K [0x00000000c0000000, 0x00000000c5580000, 0x00000000eab00000)
  object space 87552K, 0% used [0x00000000c0000000,0x00000000c0000000,0x00000000c5580000)
 Metaspace       used 5929K, capacity 6832K, committed 7040K, reserved 1056768K
  class space    used 594K, capacity 616K, committed 640K, reserved 1048576K

Card table byte_map: [0x0000000012400000,0x0000000012610000] byte_map_base: 0x0000000011e00000

Marking Bits: (ParMarkBitMap*) 0x00000000626ad4f0
 Begin Bits: [0x0000000012b70000, 0x0000000013b70000)
 End Bits:   [0x0000000013b70000, 0x0000000014b70000)

Polling page: 0x0000000001050000

CodeCache: size=245760Kb used=4554Kb max_used=4554Kb free=241205Kb
 bounds [0x0000000003040000, 0x00000000034c0000, 0x0000000012040000]
 total_blobs=1421 nmethods=1154 adapters=180
 compilation: enabled

Compilation events (10 events):
Event: 4.096 Thread 0x000000001576a800 nmethod 1159 0x00000000034aa3d0 code [0x00000000034aa520, 0x00000000034aa5f8]
Event: 4.101 Thread 0x000000001576a800 1163       4       com.android.dx.rop.code.Rop::isCommutative (60 bytes)
Event: 4.101 Thread 0x000000001576a800 nmethod 1163 0x00000000034ad3d0 code [0x00000000034ad500, 0x00000000034ad598]
Event: 4.107 Thread 0x000000001576c800 nmethod 1157 0x00000000034afb90 code [0x00000000034afdc0, 0x00000000034b0bd0]
Event: 4.109 Thread 0x000000001576a800 1164       4       com.android.dx.dex.code.CodeAddress::<init> (7 bytes)
Event: 4.110 Thread 0x000000001576a800 nmethod 1164 0x00000000034ae3d0 code [0x00000000034ae520, 0x00000000034ae5d8]
Event: 4.111 Thread 0x000000001576c800 1165       4       com.android.dx.ssa.back.LivenessAnalyzer::liveInAtStatement (55 bytes)
Event: 4.116 Thread 0x000000001576a800 1168       4       com.android.dx.cf.code.Ropper::labelToResultIndex (47 bytes)
Event: 4.121 Thread 0x000000001576a800 nmethod 1168 0x00000000034ade90 code [0x00000000034adfe0, 0x00000000034ae258]
Event: 4.125 Thread 0x000000001576c800 nmethod 1165 0x00000000034aa710 code [0x00000000034aa8a0, 0x00000000034aaf68]

GC Heap History (0 events):
No events

Deoptimization events (9 events):
Event: 3.765 Thread 0x0000000002e3e000 Uncommon trap: reason=unloaded action=reinterpret pc=0x000000000331cf14 method=com.android.dx.cf.cst.ConstantPoolParser.parse0(ILjava/util/BitSet;)Lcom/android/dx/rop/cst/Constant; @ 475
Event: 3.800 Thread 0x0000000016f3f000 Uncommon trap: reason=class_check action=maybe_recompile pc=0x000000000337110c method=com.android.dx.ssa.SsaBasicBlock.forEachInsn(Lcom/android/dx/ssa/SsaInsn$Visitor;)V @ 23
Event: 3.800 Thread 0x0000000016f3f000 Uncommon trap: reason=class_check action=maybe_recompile pc=0x000000000337110c method=com.android.dx.ssa.SsaBasicBlock.forEachInsn(Lcom/android/dx/ssa/SsaInsn$Visitor;)V @ 23
Event: 3.801 Thread 0x0000000016f3f000 Uncommon trap: reason=class_check action=maybe_recompile pc=0x000000000337110c method=com.android.dx.ssa.SsaBasicBlock.forEachInsn(Lcom/android/dx/ssa/SsaInsn$Visitor;)V @ 23
Event: 3.801 Thread 0x0000000016f3f000 Uncommon trap: reason=class_check action=maybe_recompile pc=0x000000000337110c method=com.android.dx.ssa.SsaBasicBlock.forEachInsn(Lcom/android/dx/ssa/SsaInsn$Visitor;)V @ 23
Event: 3.824 Thread 0x0000000016f3c000 Uncommon trap: reason=class_check action=maybe_recompile pc=0x00000000033e7220 method=com.android.dx.rop.type.Type.equals(Ljava/lang/Object;)Z @ 8
Event: 3.844 Thread 0x0000000016f3c000 Uncommon trap: reason=class_check action=maybe_recompile pc=0x00000000033e7220 method=com.android.dx.rop.type.Type.equals(Ljava/lang/Object;)Z @ 8
Event: 4.004 Thread 0x0000000016f32000 Uncommon trap: reason=class_check action=maybe_recompile pc=0x00000000033e7220 method=com.android.dx.rop.type.Type.equals(Ljava/lang/Object;)Z @ 8
Event: 4.004 Thread 0x0000000016f32000 Uncommon trap: reason=class_check action=maybe_recompile pc=0x00000000033e7220 method=com.android.dx.rop.type.Type.equals(Ljava/lang/Object;)Z @ 8

Internal exceptions (10 events):
Event: 3.808 Thread 0x0000000002e3e000 Exception <a 'java/security/PrivilegedActionException'> (0x00000000ebc34128) thrown at [C:\workspace\8-2-build-windows-amd64-cygwin\jdk8u31\2394\hotspot\src\share\vm\prims\jvm.cpp, line 1312]
Event: 3.814 Thread 0x0000000016f3f000 Exception <a 'java/security/PrivilegedActionException'> (0x00000000ebd76ef8) thrown at [C:\workspace\8-2-build-windows-amd64-cygwin\jdk8u31\2394\hotspot\src\share\vm\prims\jvm.cpp, line 1312]
Event: 3.819 Thread 0x0000000016f3c000 Exception <a 'java/security/PrivilegedActionException'> (0x00000000ebb5fff0) thrown at [C:\workspace\8-2-build-windows-amd64-cygwin\jdk8u31\2394\hotspot\src\share\vm\prims\jvm.cpp, line 1312]
Event: 3.858 Thread 0x0000000002e3e000 Exception <a 'java/security/PrivilegedActionException'> (0x00000000ebc7b8d0) thrown at [C:\workspace\8-2-build-windows-amd64-cygwin\jdk8u31\2394\hotspot\src\share\vm\prims\jvm.cpp, line 1312]
Event: 3.959 Thread 0x0000000002e3e000 Exception <a 'java/security/PrivilegedActionException'> (0x00000000ebffab38) thrown at [C:\workspace\8-2-build-windows-amd64-cygwin\jdk8u31\2394\hotspot\src\share\vm\prims\jvm.cpp, line 1312]
Event: 3.959 Thread 0x0000000002e3e000 Exception <a 'java/security/PrivilegedActionException'> (0x00000000ebffcdd8) thrown at [C:\workspace\8-2-build-windows-amd64-cygwin\jdk8u31\2394\hotspot\src\share\vm\prims\jvm.cpp, line 1312]
Event: 3.961 Thread 0x0000000002e3e000 Exception <a 'java/security/PrivilegedActionException'> (0x00000000ec006ec8) thrown at [C:\workspace\8-2-build-windows-amd64-cygwin\jdk8u31\2394\hotspot\src\share\vm\prims\jvm.cpp, line 1312]
Event: 3.961 Thread 0x0000000002e3e000 Exception <a 'java/security/PrivilegedActionException'> (0x00000000ec0093d0) thrown at [C:\workspace\8-2-build-windows-amd64-cygwin\jdk8u31\2394\hotspot\src\share\vm\prims\jvm.cpp, line 1312]
Event: 4.009 Thread 0x0000000016f32000 Exception <a 'java/security/PrivilegedActionException'> (0x00000000ec10fb88) thrown at [C:\workspace\8-2-build-windows-amd64-cygwin\jdk8u31\2394\hotspot\src\share\vm\prims\jvm.cpp, line 1312]
Event: 4.122 Thread 0x0000000002e3e000 Exception <a 'java/lang/OutOfMemoryError'> (0x00000000ec015b78) thrown at [C:\workspace\8-2-build-windows-amd64-cygwin\jdk8u31\2394\hotspot\src\share\vm\prims\jni.cpp, line 742]

Events (10 events):
Event: 4.004 Thread 0x0000000016f32000 DEOPT UNPACKING pc=0x000000000308556a sp=0x000000001765de38 mode 2
Event: 4.009 loading class com/android/dx/cf/code/SwitchList
Event: 4.009 loading class com/android/dx/cf/code/SwitchList done
Event: 4.054 loading class java/util/DualPivotQuicksort
Event: 4.054 loading class java/util/DualPivotQuicksort done
Event: 4.125 loading class java/lang/Throwable$WrappedPrintStream
Event: 4.125 loading class java/lang/Throwable$PrintStreamOrWriter
Event: 4.125 loading class java/lang/Throwable$PrintStreamOrWriter done
Event: 4.125 loading class java/lang/Throwable$WrappedPrintStream done
Event: 4.125 loading class java/util/IdentityHashMap


Dynamic libraries:
0x00007ff6a7880000 - 0x00007ff6a78b4000 	C:\Program Files\Java\jdk1.8.0_31\bin\java.exe
0x00007ffb2d5b0000 - 0x00007ffb2d78b000 	C:\WINDOWS\SYSTEM32\ntdll.dll
0x00007ffb2cc90000 - 0x00007ffb2cd3e000 	C:\WINDOWS\System32\KERNEL32.DLL
0x00007ffb29f20000 - 0x00007ffb2a169000 	C:\WINDOWS\System32\KERNELBASE.dll
0x00007ffb2ad30000 - 0x00007ffb2add1000 	C:\WINDOWS\System32\ADVAPI32.dll
0x00007ffb2b120000 - 0x00007ffb2b1bd000 	C:\WINDOWS\System32\msvcrt.dll
0x00007ffb2cd40000 - 0x00007ffb2cd99000 	C:\WINDOWS\System32\sechost.dll
0x00007ffb2aff0000 - 0x00007ffb2b115000 	C:\WINDOWS\System32\RPCRT4.dll
0x00007ffb2cf10000 - 0x00007ffb2d05a000 	C:\WINDOWS\System32\USER32.dll
0x00007ffb2a2c0000 - 0x00007ffb2a2de000 	C:\WINDOWS\System32\win32u.dll
0x00007ffb2cee0000 - 0x00007ffb2cf07000 	C:\WINDOWS\System32\GDI32.dll
0x00007ffb29d90000 - 0x00007ffb29f17000 	C:\WINDOWS\System32\gdi32full.dll
0x00007ffb29cf0000 - 0x00007ffb29d8a000 	C:\WINDOWS\System32\msvcp_win.dll
0x00007ffb2a1c0000 - 0x00007ffb2a2b6000 	C:\WINDOWS\System32\ucrtbase.dll
0x00007ffb1c720000 - 0x00007ffb1c987000 	C:\WINDOWS\WinSxS\amd64_microsoft.windows.common-controls_6595b64144ccf1df_6.0.15063.483_none_26002d27e7c744a2\COMCTL32.dll
0x00007ffb2c990000 - 0x00007ffb2cc89000 	C:\WINDOWS\System32\combase.dll
0x00007ffb29ab0000 - 0x00007ffb29b1a000 	C:\WINDOWS\System32\bcryptPrimitives.dll
0x00007ffb2cda0000 - 0x00007ffb2cdcd000 	C:\WINDOWS\System32\IMM32.DLL
0x0000000061d00000 - 0x0000000061dd2000 	C:\Program Files\Java\jdk1.8.0_31\jre\bin\msvcr100.dll
0x0000000061ed0000 - 0x000000006272a000 	C:\Program Files\Java\jdk1.8.0_31\jre\bin\server\jvm.dll
0x00007ffb2ac20000 - 0x00007ffb2ac28000 	C:\WINDOWS\System32\PSAPI.DLL
0x00007ffb1dc30000 - 0x00007ffb1dc39000 	C:\WINDOWS\SYSTEM32\WSOCK32.dll
0x00007ffb2d100000 - 0x00007ffb2d16c000 	C:\WINDOWS\System32\WS2_32.dll
0x00007ffb27130000 - 0x00007ffb27153000 	C:\WINDOWS\SYSTEM32\WINMM.dll
0x00007ffb26c40000 - 0x00007ffb26c6b000 	C:\WINDOWS\SYSTEM32\WINMMBASE.dll
0x00007ffb2a170000 - 0x00007ffb2a1b9000 	C:\WINDOWS\System32\cfgmgr32.dll
0x0000000062e50000 - 0x0000000062e5f000 	C:\Program Files\Java\jdk1.8.0_31\jre\bin\verify.dll
0x0000000062e20000 - 0x0000000062e48000 	C:\Program Files\Java\jdk1.8.0_31\jre\bin\java.dll
0x0000000062e00000 - 0x0000000062e16000 	C:\Program Files\Java\jdk1.8.0_31\jre\bin\zip.dll
0x00007ffb2b550000 - 0x00007ffb2c987000 	C:\WINDOWS\System32\SHELL32.dll
0x00007ffb2aaf0000 - 0x00007ffb2ab9a000 	C:\WINDOWS\System32\shcore.dll
0x00007ffb2a3f0000 - 0x00007ffb2aae1000 	C:\WINDOWS\System32\windows.storage.dll
0x00007ffb2b4f0000 - 0x00007ffb2b541000 	C:\WINDOWS\System32\shlwapi.dll
0x00007ffb29a00000 - 0x00007ffb29a11000 	C:\WINDOWS\System32\kernel.appcore.dll
0x00007ffb29a60000 - 0x00007ffb29aac000 	C:\WINDOWS\System32\powrprof.dll
0x00007ffb29a40000 - 0x00007ffb29a55000 	C:\WINDOWS\System32\profapi.dll
0x00007ffb1ded0000 - 0x00007ffb1e079000 	C:\WINDOWS\SYSTEM32\dbghelp.dll

VM Arguments:
jvm_args: -Djava.awt.headless=true -Xmx1024M -Dfile.encoding=x-windows-949 -Duser.country=KR -Duser.language=ko -Duser.variant 
java_command: com.android.dx.command.Main --dex --num-threads=4 --multi-dex --output C:\lsw\AndroidStudioProjects\MemoryTrigger_v1.3\Testing\app\build\intermediates\transforms\dex\dev\debug\folders\1000\1\debug_8eed8b14f263112d17c331edec06a21b1c1bd480 C:\lsw\AndroidStudioProjects\MemoryTrigger_v1.3\Testing\app\build\intermediates\classes\dev\debug
java_class_path (initial): C:\lsw\Android_SDK\build-tools\25.0.3\lib\dx.jar
Launcher Type: SUN_STANDARD

Environment Variables:
PATH=C:\ProgramData\Oracle\Java\javapath;C:\Program Files (x86)\Wizvera\Delfino;C:\lsw\Android_SDK\platform-tools;C:\Program Files (x86)\Dev-Cpp\MinGW64\bin;C:\Program Files\nodejs\;C:\WINDOWS\system32;C:\WINDOWS;C:\WINDOWS\System32\Wbem;C:\WINDOWS\System32\WindowsPowerShell\v1.0\;C:\Program Files (x86)\ATI Technologies\ATI.ACE\Core-Static;C:\opencv\build\x64\vc14\bin;C:\Program Files\Git\cmd;C:\Program Files (x86)\Skype\Phone\;C:\Users\이상원\AppData\Local\Programs\Python\Python35\Scripts\;C:\Users\이상원\AppData\Local\Programs\Python\Python35\;C:\Users\이상원\AppData\Local\Programs\Python\Python36-32\Scripts\;C:\Users\이상원\AppData\Local\Programs\Python\Python36-32\;C:\Program Files\Java\jdk1.8.0_31\bin;C:\WINDOWS\system32;C:\WINDOWS;C:\Users\이상원\AppData\Roaming\npm;C:\Program Files (x86)\Dev-Cpp\MinGW64\bin;C:\Program Files (x86)\Vim\vim74;C:\Users\이상원\vim;C:\Users\이상원\AppData\Local\Microsoft\WindowsApps;C:\Users\이상원\AppData\Local\Google\Cloud SDK\google-cloud-sdk\bin;C:\Users\이상원\AppData\Local\atom\bin;C:\Program Files (x86)\SSH Communications Security\SSH Secure Shell
USERNAME=이상원
OS=Windows_NT
PROCESSOR_IDENTIFIER=Intel64 Family 6 Model 42 Stepping 7, GenuineIntel



---------------  S Y S T E M  ---------------

OS: Windows 8.1 , 64 bit Build 9600 

CPU:total 4 (2 cores per cpu, 2 threads per core) family 6 model 42 stepping 7, cmov, cx8, fxsr, mmx, sse, sse2, sse3, ssse3, sse4.1, sse4.2, popcnt, avx, aes, clmul, ht, tsc, tscinvbit

Memory: 4k page, physical 8280232k(1531408k free), swap 14408872k(89616k free)

vm_info: Java HotSpot(TM) 64-Bit Server VM (25.31-b07) for windows-amd64 JRE (1.8.0_31-b13), built on Dec 17 2014 21:00:28 by "java_re" with MS VC++ 10.0 (VS2010)

time: Mon Nov 27 12:28:57 2017
elapsed time: 4 seconds (0d 0h 0m 4s)

