#
# There is insufficient memory for the Java Runtime Environment to continue.
# Native memory allocation (malloc) failed to allocate 32784 bytes for Chunk::new
# Possible reasons:
#   The system is out of physical RAM or swap space
#   In 32 bit mode, the process size limit was hit
# Possible solutions:
#   Reduce memory load on the system
#   Increase physical memory or swap space
#   Check if swap backing store is full
#   Use 64 bit Java on a 64 bit OS
#   Decrease Java heap size (-Xmx/-Xms)
#   Decrease number of Java threads
#   Decrease Java thread stack sizes (-Xss)
#   Set larger code cache with -XX:ReservedCodeCacheSize=
# This output file may be truncated or incomplete.
#
#  Out of Memory Error (allocation.cpp:390), pid=9044, tid=9536
#
# JRE version: Java(TM) SE Runtime Environment (8.0_31-b13) (build 1.8.0_31-b13)
# Java VM: Java HotSpot(TM) 64-Bit Server VM (25.31-b07 mixed mode windows-amd64 compressed oops)
# Failed to write core dump. Minidumps are not enabled by default on client versions of Windows
#

---------------  T H R E A D  ---------------

Current thread (0x000000001525c000):  JavaThread "C2 CompilerThread1" daemon [_thread_in_native, id=9536, stack(0x0000000016c60000,0x0000000016d60000)]

Stack: [0x0000000016c60000,0x0000000016d60000]
Native frames: (J=compiled Java code, j=interpreted, Vv=VM code, C=native code)
V  [jvm.dll+0x3169ba]
V  [jvm.dll+0x2674c3]
V  [jvm.dll+0x268103]
V  [jvm.dll+0x25f8f5]
V  [jvm.dll+0xbf025]
V  [jvm.dll+0xbf4cc]
V  [jvm.dll+0xbf774]
V  [jvm.dll+0x4cfb00]
V  [jvm.dll+0x49bb1a]
V  [jvm.dll+0x49bdc3]
V  [jvm.dll+0x49d669]
V  [jvm.dll+0x49f54f]
V  [jvm.dll+0x452daf]
V  [jvm.dll+0x454124]
V  [jvm.dll+0x437c62]
V  [jvm.dll+0x988e2]
V  [jvm.dll+0x990d3]
V  [jvm.dll+0x22c194]
V  [jvm.dll+0x28576a]
C  [msvcr100.dll+0x21d9f]
C  [msvcr100.dll+0x21e3b]
C  [KERNEL32.DLL+0x12774]
C  [ntdll.dll+0x70d51]


Current CompileTask:
C2:  13346 2349       4       com.android.dx.ssa.ConstCollector::getConstsSortedByCountUse (386 bytes)


---------------  P R O C E S S  ---------------

Java Threads: ( => current thread )
  0x0000000016735000 JavaThread "pool-2-thread-4" [_thread_blocked, id=3268, stack(0x0000000017460000,0x0000000017560000)]
  0x0000000016734800 JavaThread "pool-2-thread-3" [_thread_blocked, id=1560, stack(0x0000000017360000,0x0000000017460000)]
  0x0000000016734000 JavaThread "pool-2-thread-2" [_thread_in_Java, id=11836, stack(0x0000000017260000,0x0000000017360000)]
  0x0000000016731000 JavaThread "pool-3-thread-1" [_thread_blocked, id=16932, stack(0x0000000017160000,0x0000000017260000)]
  0x000000001672e800 JavaThread "pool-2-thread-1" [_thread_blocked, id=9176, stack(0x0000000017060000,0x0000000017160000)]
  0x00000000165b9800 JavaThread "Service Thread" daemon [_thread_blocked, id=17256, stack(0x0000000016e60000,0x0000000016f60000)]
  0x00000000165b4000 JavaThread "C1 CompilerThread2" daemon [_thread_in_native, id=17096, stack(0x0000000016d60000,0x0000000016e60000)]
=>0x000000001525c000 JavaThread "C2 CompilerThread1" daemon [_thread_in_native, id=9536, stack(0x0000000016c60000,0x0000000016d60000)]
  0x00000000165a3800 JavaThread "C2 CompilerThread0" daemon [_thread_in_native, id=17140, stack(0x0000000016b60000,0x0000000016c60000)]
  0x0000000015210000 JavaThread "Attach Listener" daemon [_thread_blocked, id=17080, stack(0x0000000016a60000,0x0000000016b60000)]
  0x00000000151f8800 JavaThread "Signal Dispatcher" daemon [_thread_blocked, id=7688, stack(0x0000000016960000,0x0000000016a60000)]
  0x0000000002b25000 JavaThread "Finalizer" daemon [_thread_blocked, id=14920, stack(0x0000000016460000,0x0000000016560000)]
  0x0000000002b1c000 JavaThread "Reference Handler" daemon [_thread_blocked, id=8104, stack(0x0000000016360000,0x0000000016460000)]
  0x0000000002a2e000 JavaThread "main" [_thread_in_native, id=17060, stack(0x0000000002910000,0x0000000002a10000)]

Other Threads:
  0x00000000151c7000 VMThread [stack: 0x0000000016260000,0x0000000016360000] [id=16784]
  0x00000000165ec000 WatcherThread [stack: 0x0000000016f60000,0x0000000017060000] [id=15556]

VM state:not at safepoint (normal execution)

VM Mutex/Monitor currently owned by a thread: None

Heap:
 PSYoungGen      total 286208K, used 170567K [0x00000000eab00000, 0x00000000fe400000, 0x0000000100000000)
  eden space 262656K, 56% used [0x00000000eab00000,0x00000000f3b2ba58,0x00000000fab80000)
  from space 23552K, 97% used [0x00000000fc600000,0x00000000fdc66568,0x00000000fdd00000)
  to   space 27136K, 0% used [0x00000000fab80000,0x00000000fab80000,0x00000000fc600000)
 ParOldGen       total 87552K, used 42753K [0x00000000c0000000, 0x00000000c5580000, 0x00000000eab00000)
  object space 87552K, 48% used [0x00000000c0000000,0x00000000c29c0788,0x00000000c5580000)
 Metaspace       used 6473K, capacity 7256K, committed 7424K, reserved 1056768K
  class space    used 617K, capacity 656K, committed 768K, reserved 1048576K

Card table byte_map: [0x0000000011ef0000,0x0000000012100000] byte_map_base: 0x00000000118f0000

Marking Bits: (ParMarkBitMap*) 0x00000000626ad4f0
 Begin Bits: [0x0000000012660000, 0x0000000013660000)
 End Bits:   [0x0000000013660000, 0x0000000014660000)

Polling page: 0x0000000002560000

CodeCache: size=245760Kb used=9892Kb max_used=9899Kb free=235867Kb
 bounds [0x0000000002b30000, 0x00000000034f0000, 0x0000000011b30000]
 total_blobs=2418 nmethods=2151 adapters=180
 compilation: enabled

Compilation events (10 events):
Event: 12.980 Thread 0x000000001525c000 nmethod 2330 0x00000000034b3ed0 code [0x00000000034b4020, 0x00000000034b4178]
Event: 12.981 Thread 0x000000001525c000 2324       4       java.util.RegularEnumSet::contains (57 bytes)
Event: 12.982 Thread 0x000000001525c000 nmethod 2324 0x0000000002c3a410 code [0x0000000002c3a560, 0x0000000002c3a658]
Event: 12.990 Thread 0x000000001525c000 2347       4       com.android.dx.rop.cst.CstString::stringToUtf8Bytes (175 bytes)
Event: 13.003 Thread 0x000000001525c000 nmethod 2347 0x00000000034dacd0 code [0x00000000034dae20, 0x00000000034db518]
Event: 13.003 Thread 0x000000001525c000 2349       4       com.android.dx.ssa.ConstCollector::getConstsSortedByCountUse (386 bytes)
Event: 13.140 Thread 0x00000000165b4000 2351       2       java.util.Arrays::sort (19 bytes)
Event: 13.141 Thread 0x00000000165b4000 nmethod 2351 0x0000000002c383d0 code [0x0000000002c38540, 0x0000000002c386f8]
Event: 13.182 Thread 0x00000000165b4000 2354       2       com.android.dx.cf.code.LocalVariableList::<init> (6 bytes)
Event: 13.183 Thread 0x00000000165b4000 nmethod 2354 0x0000000002c3d410 code [0x0000000002c3d580, 0x0000000002c3d6e8]

GC Heap History (10 events):
Event: 2.627 GC heap before
{Heap before GC invocations=2 (full 0):
 PSYoungGen      total 38400K, used 38378K [0x00000000eab00000, 0x00000000ef600000, 0x0000000100000000)
  eden space 33280K, 100% used [0x00000000eab00000,0x00000000ecb80000,0x00000000ecb80000)
  from space 5120K, 99% used [0x00000000ecb80000,0x00000000ed07a968,0x00000000ed080000)
  to   space 5120K, 0% used [0x00000000ef100000,0x00000000ef100000,0x00000000ef600000)
 ParOldGen       total 87552K, used 2536K [0x00000000c0000000, 0x00000000c5580000, 0x00000000eab00000)
  object space 87552K, 2% used [0x00000000c0000000,0x00000000c027a088,0x00000000c5580000)
 Metaspace       used 6243K, capacity 7128K, committed 7424K, reserved 1056768K
  class space    used 614K, capacity 656K, committed 768K, reserved 1048576K
Event: 2.771 GC heap after
Heap after GC invocations=2 (full 0):
 PSYoungGen      total 71680K, used 5098K [0x00000000eab00000, 0x00000000ef600000, 0x0000000100000000)
  eden space 66560K, 0% used [0x00000000eab00000,0x00000000eab00000,0x00000000eec00000)
  from space 5120K, 99% used [0x00000000ef100000,0x00000000ef5fa978,0x00000000ef600000)
  to   space 5120K, 0% used [0x00000000eec00000,0x00000000eec00000,0x00000000ef100000)
 ParOldGen       total 87552K, used 6698K [0x00000000c0000000, 0x00000000c5580000, 0x00000000eab00000)
  object space 87552K, 7% used [0x00000000c0000000,0x00000000c068ab10,0x00000000c5580000)
 Metaspace       used 6243K, capacity 7128K, committed 7424K, reserved 1056768K
  class space    used 614K, capacity 656K, committed 768K, reserved 1048576K
}
Event: 5.505 GC heap before
{Heap before GC invocations=3 (full 0):
 PSYoungGen      total 71680K, used 71658K [0x00000000eab00000, 0x00000000ef600000, 0x0000000100000000)
  eden space 66560K, 100% used [0x00000000eab00000,0x00000000eec00000,0x00000000eec00000)
  from space 5120K, 99% used [0x00000000ef100000,0x00000000ef5fa978,0x00000000ef600000)
  to   space 5120K, 0% used [0x00000000eec00000,0x00000000eec00000,0x00000000ef100000)
 ParOldGen       total 87552K, used 6698K [0x00000000c0000000, 0x00000000c5580000, 0x00000000eab00000)
  object space 87552K, 7% used [0x00000000c0000000,0x00000000c068ab10,0x00000000c5580000)
 Metaspace       used 6343K, capacity 7192K, committed 7424K, reserved 1056768K
  class space    used 617K, capacity 656K, committed 768K, reserved 1048576K
Event: 5.746 GC heap after
Heap after GC invocations=3 (full 0):
 PSYoungGen      total 71680K, used 5116K [0x00000000eab00000, 0x00000000f3700000, 0x0000000100000000)
  eden space 66560K, 0% used [0x00000000eab00000,0x00000000eab00000,0x00000000eec00000)
  from space 5120K, 99% used [0x00000000eec00000,0x00000000ef0ff2b8,0x00000000ef100000)
  to   space 5120K, 0% used [0x00000000f3200000,0x00000000f3200000,0x00000000f3700000)
 ParOldGen       total 87552K, used 16858K [0x00000000c0000000, 0x00000000c5580000, 0x00000000eab00000)
  object space 87552K, 19% used [0x00000000c0000000,0x00000000c1076a58,0x00000000c5580000)
 Metaspace       used 6343K, capacity 7192K, committed 7424K, reserved 1056768K
  class space    used 617K, capacity 656K, committed 768K, reserved 1048576K
}
Event: 6.932 GC heap before
{Heap before GC invocations=4 (full 0):
 PSYoungGen      total 71680K, used 71676K [0x00000000eab00000, 0x00000000f3700000, 0x0000000100000000)
  eden space 66560K, 100% used [0x00000000eab00000,0x00000000eec00000,0x00000000eec00000)
  from space 5120K, 99% used [0x00000000eec00000,0x00000000ef0ff2b8,0x00000000ef100000)
  to   space 5120K, 0% used [0x00000000f3200000,0x00000000f3200000,0x00000000f3700000)
 ParOldGen       total 87552K, used 16858K [0x00000000c0000000, 0x00000000c5580000, 0x00000000eab00000)
  object space 87552K, 19% used [0x00000000c0000000,0x00000000c1076a58,0x00000000c5580000)
 Metaspace       used 6377K, capacity 7192K, committed 7424K, reserved 1056768K
  class space    used 617K, capacity 656K, committed 768K, reserved 1048576K
Event: 6.955 GC heap after
Heap after GC invocations=4 (full 0):
 PSYoungGen      total 138240K, used 5089K [0x00000000eab00000, 0x00000000f3700000, 0x0000000100000000)
  eden space 133120K, 0% used [0x00000000eab00000,0x00000000eab00000,0x00000000f2d00000)
  from space 5120K, 99% used [0x00000000f3200000,0x00000000f36f85d8,0x00000000f3700000)
  to   space 5120K, 0% used [0x00000000f2d00000,0x00000000f2d00000,0x00000000f3200000)
 ParOldGen       total 87552K, used 25471K [0x00000000c0000000, 0x00000000c5580000, 0x00000000eab00000)
  object space 87552K, 29% used [0x00000000c0000000,0x00000000c18dfd20,0x00000000c5580000)
 Metaspace       used 6377K, capacity 7192K, committed 7424K, reserved 1056768K
  class space    used 617K, capacity 656K, committed 768K, reserved 1048576K
}
Event: 10.364 GC heap before
{Heap before GC invocations=5 (full 0):
 PSYoungGen      total 138240K, used 138209K [0x00000000eab00000, 0x00000000f3700000, 0x0000000100000000)
  eden space 133120K, 100% used [0x00000000eab00000,0x00000000f2d00000,0x00000000f2d00000)
  from space 5120K, 99% used [0x00000000f3200000,0x00000000f36f85d8,0x00000000f3700000)
  to   space 5120K, 0% used [0x00000000f2d00000,0x00000000f2d00000,0x00000000f3200000)
 ParOldGen       total 87552K, used 25471K [0x00000000c0000000, 0x00000000c5580000, 0x00000000eab00000)
  object space 87552K, 29% used [0x00000000c0000000,0x00000000c18dfd20,0x00000000c5580000)
 Metaspace       used 6455K, capacity 7256K, committed 7424K, reserved 1056768K
  class space    used 617K, capacity 656K, committed 768K, reserved 1048576K
Event: 10.963 GC heap after
Heap after GC invocations=5 (full 0):
 PSYoungGen      total 138240K, used 5089K [0x00000000eab00000, 0x00000000fdd00000, 0x0000000100000000)
  eden space 133120K, 0% used [0x00000000eab00000,0x00000000eab00000,0x00000000f2d00000)
  from space 5120K, 99% used [0x00000000f2d00000,0x00000000f31f8680,0x00000000f3200000)
  to   space 23552K, 0% used [0x00000000fc600000,0x00000000fc600000,0x00000000fdd00000)
 ParOldGen       total 87552K, used 42745K [0x00000000c0000000, 0x00000000c5580000, 0x00000000eab00000)
  object space 87552K, 48% used [0x00000000c0000000,0x00000000c29be788,0x00000000c5580000)
 Metaspace       used 6455K, capacity 7256K, committed 7424K, reserved 1056768K
  class space    used 617K, capacity 656K, committed 768K, reserved 1048576K
}
Event: 11.607 GC heap before
{Heap before GC invocations=6 (full 0):
 PSYoungGen      total 138240K, used 138209K [0x00000000eab00000, 0x00000000fdd00000, 0x0000000100000000)
  eden space 133120K, 100% used [0x00000000eab00000,0x00000000f2d00000,0x00000000f2d00000)
  from space 5120K, 99% used [0x00000000f2d00000,0x00000000f31f8680,0x00000000f3200000)
  to   space 23552K, 0% used [0x00000000fc600000,0x00000000fc600000,0x00000000fdd00000)
 ParOldGen       total 87552K, used 42745K [0x00000000c0000000, 0x00000000c5580000, 0x00000000eab00000)
  object space 87552K, 48% used [0x00000000c0000000,0x00000000c29be788,0x00000000c5580000)
 Metaspace       used 6465K, capacity 7256K, committed 7424K, reserved 1056768K
  class space    used 617K, capacity 656K, committed 768K, reserved 1048576K
Event: 11.668 GC heap after
Heap after GC invocations=6 (full 0):
 PSYoungGen      total 286208K, used 22937K [0x00000000eab00000, 0x00000000fe400000, 0x0000000100000000)
  eden space 262656K, 0% used [0x00000000eab00000,0x00000000eab00000,0x00000000fab80000)
  from space 23552K, 97% used [0x00000000fc600000,0x00000000fdc66568,0x00000000fdd00000)
  to   space 27136K, 0% used [0x00000000fab80000,0x00000000fab80000,0x00000000fc600000)
 ParOldGen       total 87552K, used 42753K [0x00000000c0000000, 0x00000000c5580000, 0x00000000eab00000)
  object space 87552K, 48% used [0x00000000c0000000,0x00000000c29c0788,0x00000000c5580000)
 Metaspace       used 6465K, capacity 7256K, committed 7424K, reserved 1056768K
  class space    used 617K, capacity 656K, committed 768K, reserved 1048576K
}

Deoptimization events (10 events):
Event: 5.778 Thread 0x0000000016734800 Uncommon trap: reason=class_check action=maybe_recompile pc=0x00000000032747e4 method=com.android.dx.cf.code.BytecodeArray.parseInstruction(ILcom/android/dx/cf/code/BytecodeArray$Visitor;)I @ 1258
Event: 5.958 Thread 0x0000000016734800 Uncommon trap: reason=class_check action=maybe_recompile pc=0x000000000321c080 method=com.android.dx.cf.code.RopperMachine.run(Lcom/android/dx/cf/code/Frame;II)V @ 988
Event: 5.958 Thread 0x0000000016734800 Uncommon trap: reason=class_check action=maybe_recompile pc=0x000000000321c080 method=com.android.dx.cf.code.RopperMachine.run(Lcom/android/dx/cf/code/Frame;II)V @ 988
Event: 5.966 Thread 0x0000000016734800 Uncommon trap: reason=bimorphic action=maybe_recompile pc=0x0000000002db4e2c method=java.util.HashMap.getNode(ILjava/lang/Object;)Ljava/util/HashMap$Node; @ 126
Event: 5.979 Thread 0x000000001672e800 Uncommon trap: reason=class_check action=maybe_recompile pc=0x000000000321c080 method=com.android.dx.cf.code.RopperMachine.run(Lcom/android/dx/cf/code/Frame;II)V @ 988
Event: 11.381 Thread 0x0000000016735000 Uncommon trap: reason=unreached action=reinterpret pc=0x0000000002f75f88 method=java.util.HashMap.getNode(ILjava/lang/Object;)Ljava/util/HashMap$Node; @ 84
Event: 11.797 Thread 0x0000000016734800 Uncommon trap: reason=unreached action=reinterpret pc=0x0000000003102128 method=com.android.dx.ssa.LocalVariableExtractor.processBlock(I)V @ 251
Event: 11.824 Thread 0x0000000016734000 Uncommon trap: reason=unreached action=reinterpret pc=0x0000000002d6d70c method=java.util.HashMap.getNode(ILjava/lang/Object;)Ljava/util/HashMap$Node; @ 84
Event: 11.824 Thread 0x0000000016734000 Uncommon trap: reason=unreached action=reinterpret pc=0x0000000002f4a4b8 method=java.util.HashMap.putVal(ILjava/lang/Object;Ljava/lang/Object;ZZ)Ljava/lang/Object; @ 109
Event: 11.824 Thread 0x0000000016734000 Uncommon trap: reason=unreached action=reinterpret pc=0x000000000331735c method=java.util.HashMap.getNode(ILjava/lang/Object;)Ljava/util/HashMap$Node; @ 84

Internal exceptions (10 events):
Event: 2.135 Thread 0x0000000002a2e000 Exception <a 'java/security/PrivilegedActionException'> (0x00000000ebbe0f10) thrown at [C:\workspace\8-2-build-windows-amd64-cygwin\jdk8u31\2394\hotspot\src\share\vm\prims\jvm.cpp, line 1312]
Event: 2.587 Thread 0x0000000016734800 Exception <a 'java/lang/ArrayIndexOutOfBoundsException': 18> (0x00000000ecb2e7c0) thrown at [C:\workspace\8-2-build-windows-amd64-cygwin\jdk8u31\2394\hotspot\src\share\vm\interpreter\interpreterRuntime.cpp, line 366]
Event: 2.588 Thread 0x0000000016734800 Exception <a 'java/lang/ArrayIndexOutOfBoundsException'> (0x00000000ecb30258) thrown at [C:\workspace\8-2-build-windows-amd64-cygwin\jdk8u31\2394\hotspot\src\share\vm\runtime\sharedRuntime.cpp, line 604]
Event: 2.589 Thread 0x0000000016734800 Exception <a 'java/lang/ArrayIndexOutOfBoundsException'> (0x00000000ecb31470) thrown at [C:\workspace\8-2-build-windows-amd64-cygwin\jdk8u31\2394\hotspot\src\share\vm\runtime\sharedRuntime.cpp, line 604]
Event: 2.775 Thread 0x0000000016734000 Implicit null exception at 0x0000000002f97422 to 0x0000000002f97512
Event: 2.957 Thread 0x0000000016734000 Exception <a 'java/security/PrivilegedActionException'> (0x00000000eac73758) thrown at [C:\workspace\8-2-build-windows-amd64-cygwin\jdk8u31\2394\hotspot\src\share\vm\prims\jvm.cpp, line 1312]
Event: 2.958 Thread 0x0000000016734000 Exception <a 'java/security/PrivilegedActionException'> (0x00000000eac78f58) thrown at [C:\workspace\8-2-build-windows-amd64-cygwin\jdk8u31\2394\hotspot\src\share\vm\prims\jvm.cpp, line 1312]
Event: 2.959 Thread 0x0000000016734000 Exception <a 'java/security/PrivilegedActionException'> (0x00000000eac7e428) thrown at [C:\workspace\8-2-build-windows-amd64-cygwin\jdk8u31\2394\hotspot\src\share\vm\prims\jvm.cpp, line 1312]
Event: 4.331 Thread 0x000000001672e800 Exception <a 'java/security/PrivilegedActionException'> (0x00000000ecbbfc28) thrown at [C:\workspace\8-2-build-windows-amd64-cygwin\jdk8u31\2394\hotspot\src\share\vm\prims\jvm.cpp, line 1312]
Event: 9.142 Thread 0x0000000002a2e000 Exception <a 'java/security/PrivilegedActionException'> (0x00000000efe7c8b0) thrown at [C:\workspace\8-2-build-windows-amd64-cygwin\jdk8u31\2394\hotspot\src\share\vm\prims\jvm.cpp, line 1312]

Events (10 events):
Event: 11.824 Thread 0x0000000016734000 DEOPT UNPACKING pc=0x0000000002b7556a sp=0x000000001735e960 mode 2
Event: 11.824 Thread 0x0000000016734000 Uncommon trap: trap_request=0xffffffad fr.pc=0x000000000331735c
Event: 11.824 Thread 0x0000000016734000 DEOPT PACKING pc=0x000000000331735c sp=0x000000001735e6b0
Event: 11.824 Thread 0x0000000016734000 DEOPT UNPACKING pc=0x0000000002b7556a sp=0x000000001735e5c0 mode 2
Event: 12.669 Thread 0x0000000016735000 DEOPT PACKING pc=0x0000000003232f13 sp=0x000000001755e450
Event: 12.669 Thread 0x0000000016735000 DEOPT UNPACKING pc=0x0000000002b775bf sp=0x000000001755e1e0 mode 0
Event: 12.935 Thread 0x000000001525c000 flushing nmethod 0x0000000002c382d0
Event: 12.935 Thread 0x000000001525c000 flushing nmethod 0x0000000002c3a410
Event: 12.935 Thread 0x000000001525c000 flushing nmethod 0x0000000002c3d110
Event: 12.935 Thread 0x000000001525c000 flushing nmethod 0x0000000002c4efd0


Dynamic libraries:
0x00007ff6a7880000 - 0x00007ff6a78b4000 	C:\Program Files\Java\jdk1.8.0_31\bin\java.exe
0x00007ffb2d5b0000 - 0x00007ffb2d78b000 	C:\WINDOWS\SYSTEM32\ntdll.dll
0x00007ffb2cc90000 - 0x00007ffb2cd3e000 	C:\WINDOWS\System32\KERNEL32.DLL
0x00007ffb29f20000 - 0x00007ffb2a169000 	C:\WINDOWS\System32\KERNELBASE.dll
0x00007ffb2ad30000 - 0x00007ffb2add1000 	C:\WINDOWS\System32\ADVAPI32.dll
0x00007ffb2b120000 - 0x00007ffb2b1bd000 	C:\WINDOWS\System32\msvcrt.dll
0x00007ffb2cd40000 - 0x00007ffb2cd99000 	C:\WINDOWS\System32\sechost.dll
0x00007ffb2aff0000 - 0x00007ffb2b115000 	C:\WINDOWS\System32\RPCRT4.dll
0x00007ffb2cf10000 - 0x00007ffb2d05a000 	C:\WINDOWS\System32\USER32.dll
0x00007ffb2a2c0000 - 0x00007ffb2a2de000 	C:\WINDOWS\System32\win32u.dll
0x00007ffb2cee0000 - 0x00007ffb2cf07000 	C:\WINDOWS\System32\GDI32.dll
0x00007ffb29d90000 - 0x00007ffb29f17000 	C:\WINDOWS\System32\gdi32full.dll
0x00007ffb29cf0000 - 0x00007ffb29d8a000 	C:\WINDOWS\System32\msvcp_win.dll
0x00007ffb2a1c0000 - 0x00007ffb2a2b6000 	C:\WINDOWS\System32\ucrtbase.dll
0x00007ffb1c720000 - 0x00007ffb1c987000 	C:\WINDOWS\WinSxS\amd64_microsoft.windows.common-controls_6595b64144ccf1df_6.0.15063.483_none_26002d27e7c744a2\COMCTL32.dll
0x00007ffb2c990000 - 0x00007ffb2cc89000 	C:\WINDOWS\System32\combase.dll
0x00007ffb29ab0000 - 0x00007ffb29b1a000 	C:\WINDOWS\System32\bcryptPrimitives.dll
0x00007ffb2cda0000 - 0x00007ffb2cdcd000 	C:\WINDOWS\System32\IMM32.DLL
0x0000000061d00000 - 0x0000000061dd2000 	C:\Program Files\Java\jdk1.8.0_31\jre\bin\msvcr100.dll
0x0000000061ed0000 - 0x000000006272a000 	C:\Program Files\Java\jdk1.8.0_31\jre\bin\server\jvm.dll
0x00007ffb2ac20000 - 0x00007ffb2ac28000 	C:\WINDOWS\System32\PSAPI.DLL
0x00007ffb1dc30000 - 0x00007ffb1dc39000 	C:\WINDOWS\SYSTEM32\WSOCK32.dll
0x00007ffb2d100000 - 0x00007ffb2d16c000 	C:\WINDOWS\System32\WS2_32.dll
0x00007ffb27130000 - 0x00007ffb27153000 	C:\WINDOWS\SYSTEM32\WINMM.dll
0x00007ffb26c40000 - 0x00007ffb26c6b000 	C:\WINDOWS\SYSTEM32\winmmbase.dll
0x00007ffb2a170000 - 0x00007ffb2a1b9000 	C:\WINDOWS\System32\cfgmgr32.dll
0x0000000062e50000 - 0x0000000062e5f000 	C:\Program Files\Java\jdk1.8.0_31\jre\bin\verify.dll
0x0000000062e20000 - 0x0000000062e48000 	C:\Program Files\Java\jdk1.8.0_31\jre\bin\java.dll
0x0000000062e00000 - 0x0000000062e16000 	C:\Program Files\Java\jdk1.8.0_31\jre\bin\zip.dll
0x00007ffb2b550000 - 0x00007ffb2c987000 	C:\WINDOWS\System32\SHELL32.dll
0x00007ffb2aaf0000 - 0x00007ffb2ab9a000 	C:\WINDOWS\System32\shcore.dll
0x00007ffb2a3f0000 - 0x00007ffb2aae1000 	C:\WINDOWS\System32\windows.storage.dll
0x00007ffb2b4f0000 - 0x00007ffb2b541000 	C:\WINDOWS\System32\shlwapi.dll
0x00007ffb29a00000 - 0x00007ffb29a11000 	C:\WINDOWS\System32\kernel.appcore.dll
0x00007ffb29a60000 - 0x00007ffb29aac000 	C:\WINDOWS\System32\powrprof.dll
0x00007ffb29a40000 - 0x00007ffb29a55000 	C:\WINDOWS\System32\profapi.dll
0x00007ffb1ded0000 - 0x00007ffb1e079000 	C:\WINDOWS\SYSTEM32\dbghelp.dll

VM Arguments:
jvm_args: -Djava.awt.headless=true -Xmx1024M -Dfile.encoding=x-windows-949 -Duser.country=KR -Duser.language=ko -Duser.variant 
java_command: com.android.dx.command.Main --dex --num-threads=4 --multi-dex --output C:\lsw\AndroidStudioProjects\MemoryTrigger_v1.3\Testing\app\build\intermediates\transforms\dex\dev\debug\folders\1000\1\debug_8eed8b14f263112d17c331edec06a21b1c1bd480 C:\lsw\AndroidStudioProjects\MemoryTrigger_v1.3\Testing\app\build\intermediates\classes\dev\debug
java_class_path (initial): C:\lsw\Android_SDK\build-tools\25.0.3\lib\dx.jar
Launcher Type: SUN_STANDARD

Environment Variables:
PATH=C:\ProgramData\Oracle\Java\javapath;C:\Program Files (x86)\Wizvera\Delfino;C:\lsw\Android_SDK\platform-tools;C:\Program Files (x86)\Dev-Cpp\MinGW64\bin;C:\Program Files\nodejs\;C:\WINDOWS\system32;C:\WINDOWS;C:\WINDOWS\System32\Wbem;C:\WINDOWS\System32\WindowsPowerShell\v1.0\;C:\Program Files (x86)\ATI Technologies\ATI.ACE\Core-Static;C:\opencv\build\x64\vc14\bin;C:\Program Files\Git\cmd;C:\Program Files (x86)\Skype\Phone\;C:\Users\이상원\AppData\Local\Programs\Python\Python35\Scripts\;C:\Users\이상원\AppData\Local\Programs\Python\Python35\;C:\Users\이상원\AppData\Local\Programs\Python\Python36-32\Scripts\;C:\Users\이상원\AppData\Local\Programs\Python\Python36-32\;C:\Program Files\Java\jdk1.8.0_31\bin;C:\WINDOWS\system32;C:\WINDOWS;C:\Users\이상원\AppData\Roaming\npm;C:\Program Files (x86)\Dev-Cpp\MinGW64\bin;C:\Program Files (x86)\Vim\vim74;C:\Users\이상원\vim;C:\Users\이상원\AppData\Local\Microsoft\WindowsApps;C:\Users\이상원\AppData\Local\Google\Cloud SDK\google-cloud-sdk\bin;C:\Users\이상원\AppData\Local\atom\bin;C:\Program Files (x86)\SSH Communications Security\SSH Secure Shell
USERNAME=이상원
OS=Windows_NT
PROCESSOR_IDENTIFIER=Intel64 Family 6 Model 42 Stepping 7, GenuineIntel



---------------  S Y S T E M  ---------------

OS: Windows 8.1 , 64 bit Build 9600 

CPU:total 4 (2 cores per cpu, 2 threads per core) family 6 model 42 stepping 7, cmov, cx8, fxsr, mmx, sse, sse2, sse3, ssse3, sse4.1, sse4.2, popcnt, avx, aes, clmul, ht, tsc, tscinvbit

Memory: 4k page, physical 8280232k(1610600k free), swap 14408872k(3204k free)

vm_info: Java HotSpot(TM) 64-Bit Server VM (25.31-b07) for windows-amd64 JRE (1.8.0_31-b13), built on Dec 17 2014 21:00:28 by "java_re" with MS VC++ 10.0 (VS2010)

time: Mon Nov 27 12:27:37 2017
elapsed time: 13 seconds (0d 0h 0m 13s)

