#
# There is insufficient memory for the Java Runtime Environment to continue.
# Native memory allocation (malloc) failed to allocate 200784 bytes for Chunk::new
# Possible reasons:
#   The system is out of physical RAM or swap space
#   In 32 bit mode, the process size limit was hit
# Possible solutions:
#   Reduce memory load on the system
#   Increase physical memory or swap space
#   Check if swap backing store is full
#   Use 64 bit Java on a 64 bit OS
#   Decrease Java heap size (-Xmx/-Xms)
#   Decrease number of Java threads
#   Decrease Java thread stack sizes (-Xss)
#   Set larger code cache with -XX:ReservedCodeCacheSize=
# This output file may be truncated or incomplete.
#
#  Out of Memory Error (allocation.cpp:390), pid=10320, tid=4648
#
# JRE version: Java(TM) SE Runtime Environment (8.0_31-b13) (build 1.8.0_31-b13)
# Java VM: Java HotSpot(TM) 64-Bit Server VM (25.31-b07 mixed mode windows-amd64 compressed oops)
# Failed to write core dump. Minidumps are not enabled by default on client versions of Windows
#

---------------  T H R E A D  ---------------

Current thread (0x0000000015a6d000):  JavaThread "C2 CompilerThread1" daemon [_thread_in_native, id=4648, stack(0x0000000017480000,0x0000000017580000)]

Stack: [0x0000000017480000,0x0000000017580000]
Native frames: (J=compiled Java code, j=interpreted, Vv=VM code, C=native code)
V  [jvm.dll+0x3169ba]
V  [jvm.dll+0x2674c3]
V  [jvm.dll+0x268103]
V  [jvm.dll+0x25f8f5]
V  [jvm.dll+0xbf025]
V  [jvm.dll+0xbf4cc]
V  [jvm.dll+0x44b7f2]
V  [jvm.dll+0x4bedb0]
V  [jvm.dll+0x4c1a00]
V  [jvm.dll+0x4519e1]
V  [jvm.dll+0x4541b8]
V  [jvm.dll+0x437c62]
V  [jvm.dll+0x988e2]
V  [jvm.dll+0x990d3]
V  [jvm.dll+0x22c194]
V  [jvm.dll+0x28576a]
C  [msvcr100.dll+0x21d9f]
C  [msvcr100.dll+0x21e3b]
C  [KERNEL32.DLL+0x12774]
C  [ntdll.dll+0x70d51]


Current CompileTask:
C2:   1143  906       4       com.android.dx.ssa.back.LivenessAnalyzer::handleTailRecursion (94 bytes)


---------------  P R O C E S S  ---------------

Java Threads: ( => current thread )
  0x0000000017325000 JavaThread "pool-2-thread-4" [_thread_blocked, id=16896, stack(0x0000000017c80000,0x0000000017d80000)]
  0x0000000017324800 JavaThread "pool-2-thread-3" [_thread_blocked, id=17368, stack(0x0000000017b80000,0x0000000017c80000)]
  0x000000001727b800 JavaThread "pool-2-thread-2" [_thread_in_vm, id=17324, stack(0x0000000017a80000,0x0000000017b80000)]
  0x0000000017278800 JavaThread "pool-3-thread-1" [_thread_blocked, id=16568, stack(0x0000000017980000,0x0000000017a80000)]
  0x0000000017226800 JavaThread "pool-2-thread-1" [_thread_in_Java, id=17300, stack(0x0000000017880000,0x0000000017980000)]
  0x00000000170d8800 JavaThread "Service Thread" daemon [_thread_blocked, id=340, stack(0x0000000017680000,0x0000000017780000)]
  0x00000000170d2800 JavaThread "C1 CompilerThread2" daemon [_thread_in_native, id=15224, stack(0x0000000017580000,0x0000000017680000)]
=>0x0000000015a6d000 JavaThread "C2 CompilerThread1" daemon [_thread_in_native, id=4648, stack(0x0000000017480000,0x0000000017580000)]
  0x0000000015a6b000 JavaThread "C2 CompilerThread0" daemon [_thread_in_native, id=8716, stack(0x0000000016f80000,0x0000000017080000)]
  0x0000000015a69800 JavaThread "Attach Listener" daemon [_thread_blocked, id=14592, stack(0x0000000016e80000,0x0000000016f80000)]
  0x0000000015a1d800 JavaThread "Signal Dispatcher" daemon [_thread_blocked, id=14960, stack(0x0000000016d80000,0x0000000016e80000)]
  0x000000000332f000 JavaThread "Finalizer" daemon [_thread_blocked, id=204, stack(0x0000000016c70000,0x0000000016d70000)]
  0x000000000332c000 JavaThread "Reference Handler" daemon [_thread_blocked, id=8608, stack(0x0000000016b70000,0x0000000016c70000)]
  0x000000000313e000 JavaThread "main" [_thread_blocked, id=8852, stack(0x0000000003140000,0x0000000003240000)]

Other Threads:
  0x00000000159d7000 VMThread [stack: 0x0000000016a70000,0x0000000016b70000] [id=13880]
  0x00000000170ea800 WatcherThread [stack: 0x0000000017780000,0x0000000017880000] [id=15988]

VM state:not at safepoint (normal execution)

VM Mutex/Monitor currently owned by a thread:  ([mutex/lock_event])
[0x000000000313ce50] CompiledIC_lock - owner thread: 0x000000001727b800

Heap:
 PSYoungGen      total 38400K, used 23310K [0x00000000eab00000, 0x00000000ed580000, 0x0000000100000000)
  eden space 33280K, 70% used [0x00000000eab00000,0x00000000ec1c3ab0,0x00000000ecb80000)
  from space 5120K, 0% used [0x00000000ed080000,0x00000000ed080000,0x00000000ed580000)
  to   space 5120K, 0% used [0x00000000ecb80000,0x00000000ecb80000,0x00000000ed080000)
 ParOldGen       total 87552K, used 0K [0x00000000c0000000, 0x00000000c5580000, 0x00000000eab00000)
  object space 87552K, 0% used [0x00000000c0000000,0x00000000c0000000,0x00000000c5580000)
 Metaspace       used 5770K, capacity 6768K, committed 7040K, reserved 1056768K
  class space    used 585K, capacity 616K, committed 640K, reserved 1048576K

Card table byte_map: [0x0000000012700000,0x0000000012910000] byte_map_base: 0x0000000012100000

Marking Bits: (ParMarkBitMap*) 0x00000000626ad4f0
 Begin Bits: [0x0000000012e70000, 0x0000000013e70000)
 End Bits:   [0x0000000013e70000, 0x0000000014e70000)

Polling page: 0x00000000012d0000

CodeCache: size=245760Kb used=3835Kb max_used=3835Kb free=241924Kb
 bounds [0x0000000003340000, 0x0000000003710000, 0x0000000012340000]
 total_blobs=1251 nmethods=985 adapters=180
 compilation: enabled

Compilation events (10 events):
Event: 1.110 Thread 0x00000000170d2800 nmethod 957 0x00000000036f0250 code [0x00000000036f03a0, 0x00000000036f04b0]
Event: 1.113 Thread 0x00000000170d2800  973       3       com.android.dx.rop.code.LocalItem::hashCode (41 bytes)
Event: 1.114 Thread 0x00000000170d2800 nmethod 973 0x00000000036f0510 code [0x00000000036f06a0, 0x00000000036f0bf8]
Event: 1.114 Thread 0x00000000170d2800  975       3       java.util.BitSet::set (124 bytes)
Event: 1.114 Thread 0x00000000170d2800 nmethod 975 0x00000000036f0dd0 code [0x00000000036f0fa0, 0x00000000036f1568]
Event: 1.114 Thread 0x00000000170d2800  974       3       com.android.dx.rop.code.LocalItem::compareTo (32 bytes)
Event: 1.115 Thread 0x00000000170d2800 nmethod 974 0x00000000036f1950 code [0x00000000036f1ae0, 0x00000000036f2078]
Event: 1.115 Thread 0x00000000170d2800  978       3       com.android.dx.cf.code.BasicBlocker::visitThrowing (59 bytes)
Event: 1.116 Thread 0x00000000170d2800 nmethod 978 0x00000000036f2250 code [0x00000000036f2440, 0x00000000036f2eb8]
Event: 1.116 Thread 0x00000000170d2800  979       3       com.android.dx.cf.code.ByteCatchList::listFor (120 bytes)

GC Heap History (0 events):
No events

Deoptimization events (1 events):
Event: 1.114 Thread 0x0000000017226800 Uncommon trap: reason=class_check action=maybe_recompile pc=0x00000000036526c8 method=com.android.dx.ssa.NormalSsaInsn.accept(Lcom/android/dx/ssa/SsaInsn$Visitor;)V @ 9

Internal exceptions (10 events):
Event: 0.761 Thread 0x000000000313e000 Exception <a 'java/security/PrivilegedActionException'> (0x00000000eb61a260) thrown at [C:\workspace\8-2-build-windows-amd64-cygwin\jdk8u31\2394\hotspot\src\share\vm\prims\jvm.cpp, line 1312]
Event: 0.762 Thread 0x000000000313e000 Exception <a 'java/security/PrivilegedActionException'> (0x00000000eb620608) thrown at [C:\workspace\8-2-build-windows-amd64-cygwin\jdk8u31\2394\hotspot\src\share\vm\prims\jvm.cpp, line 1312]
Event: 0.762 Thread 0x000000000313e000 Exception <a 'java/security/PrivilegedActionException'> (0x00000000eb624e40) thrown at [C:\workspace\8-2-build-windows-amd64-cygwin\jdk8u31\2394\hotspot\src\share\vm\prims\jvm.cpp, line 1312]
Event: 0.763 Thread 0x000000000313e000 Exception <a 'java/security/PrivilegedActionException'> (0x00000000eb62a9b0) thrown at [C:\workspace\8-2-build-windows-amd64-cygwin\jdk8u31\2394\hotspot\src\share\vm\prims\jvm.cpp, line 1312]
Event: 0.764 Thread 0x000000000313e000 Exception <a 'java/security/PrivilegedActionException'> (0x00000000eb633770) thrown at [C:\workspace\8-2-build-windows-amd64-cygwin\jdk8u31\2394\hotspot\src\share\vm\prims\jvm.cpp, line 1312]
Event: 0.765 Thread 0x000000000313e000 Exception <a 'java/security/PrivilegedActionException'> (0x00000000eb638e08) thrown at [C:\workspace\8-2-build-windows-amd64-cygwin\jdk8u31\2394\hotspot\src\share\vm\prims\jvm.cpp, line 1312]
Event: 0.766 Thread 0x000000000313e000 Exception <a 'java/security/PrivilegedActionException'> (0x00000000eb63bf20) thrown at [C:\workspace\8-2-build-windows-amd64-cygwin\jdk8u31\2394\hotspot\src\share\vm\prims\jvm.cpp, line 1312]
Event: 0.768 Thread 0x000000001727b800 Exception <a 'java/security/PrivilegedActionException'> (0x00000000eb6e8238) thrown at [C:\workspace\8-2-build-windows-amd64-cygwin\jdk8u31\2394\hotspot\src\share\vm\prims\jvm.cpp, line 1312]
Event: 0.786 Thread 0x000000001727b800 Exception <a 'java/security/PrivilegedActionException'> (0x00000000eb71ecf0) thrown at [C:\workspace\8-2-build-windows-amd64-cygwin\jdk8u31\2394\hotspot\src\share\vm\prims\jvm.cpp, line 1312]
Event: 0.843 Thread 0x0000000017324800 Exception <a 'java/security/PrivilegedActionException'> (0x00000000eb87f8e8) thrown at [C:\workspace\8-2-build-windows-amd64-cygwin\jdk8u31\2394\hotspot\src\share\vm\prims\jvm.cpp, line 1312]

Events (10 events):
Event: 0.993 loading class java/util/ArrayList$1 done
Event: 1.063 Executing VM operation: ForceSafepoint
Event: 1.098 Executing VM operation: ForceSafepoint done
Event: 1.114 loading class java/util/TreeMap$EntrySet
Event: 1.114 loading class java/util/TreeMap$EntrySet done
Event: 1.114 loading class java/util/TreeMap$EntryIterator
Event: 1.114 loading class java/util/TreeMap$EntryIterator done
Event: 1.114 Thread 0x0000000017226800 Uncommon trap: trap_request=0xffffffde fr.pc=0x00000000036526c8
Event: 1.114 Thread 0x0000000017226800 DEOPT PACKING pc=0x00000000036526c8 sp=0x000000001797ebc0
Event: 1.115 Thread 0x0000000017226800 DEOPT UNPACKING pc=0x000000000338556a sp=0x000000001797eb70 mode 2


Dynamic libraries:
0x00007ff6a7880000 - 0x00007ff6a78b4000 	C:\Program Files\Java\jdk1.8.0_31\bin\java.exe
0x00007ffb2d5b0000 - 0x00007ffb2d78b000 	C:\WINDOWS\SYSTEM32\ntdll.dll
0x00007ffb2cc90000 - 0x00007ffb2cd3e000 	C:\WINDOWS\System32\KERNEL32.DLL
0x00007ffb29f20000 - 0x00007ffb2a169000 	C:\WINDOWS\System32\KERNELBASE.dll
0x00007ffb2ad30000 - 0x00007ffb2add1000 	C:\WINDOWS\System32\ADVAPI32.dll
0x00007ffb2b120000 - 0x00007ffb2b1bd000 	C:\WINDOWS\System32\msvcrt.dll
0x00007ffb2cd40000 - 0x00007ffb2cd99000 	C:\WINDOWS\System32\sechost.dll
0x00007ffb2aff0000 - 0x00007ffb2b115000 	C:\WINDOWS\System32\RPCRT4.dll
0x00007ffb2cf10000 - 0x00007ffb2d05a000 	C:\WINDOWS\System32\USER32.dll
0x00007ffb2a2c0000 - 0x00007ffb2a2de000 	C:\WINDOWS\System32\win32u.dll
0x00007ffb2cee0000 - 0x00007ffb2cf07000 	C:\WINDOWS\System32\GDI32.dll
0x00007ffb29d90000 - 0x00007ffb29f17000 	C:\WINDOWS\System32\gdi32full.dll
0x00007ffb29cf0000 - 0x00007ffb29d8a000 	C:\WINDOWS\System32\msvcp_win.dll
0x00007ffb2a1c0000 - 0x00007ffb2a2b6000 	C:\WINDOWS\System32\ucrtbase.dll
0x00007ffb1c720000 - 0x00007ffb1c987000 	C:\WINDOWS\WinSxS\amd64_microsoft.windows.common-controls_6595b64144ccf1df_6.0.15063.483_none_26002d27e7c744a2\COMCTL32.dll
0x00007ffb2c990000 - 0x00007ffb2cc89000 	C:\WINDOWS\System32\combase.dll
0x00007ffb29ab0000 - 0x00007ffb29b1a000 	C:\WINDOWS\System32\bcryptPrimitives.dll
0x00007ffb2cda0000 - 0x00007ffb2cdcd000 	C:\WINDOWS\System32\IMM32.DLL
0x0000000061d00000 - 0x0000000061dd2000 	C:\Program Files\Java\jdk1.8.0_31\jre\bin\msvcr100.dll
0x0000000061ed0000 - 0x000000006272a000 	C:\Program Files\Java\jdk1.8.0_31\jre\bin\server\jvm.dll
0x00007ffb2ac20000 - 0x00007ffb2ac28000 	C:\WINDOWS\System32\PSAPI.DLL
0x00007ffb1dc30000 - 0x00007ffb1dc39000 	C:\WINDOWS\SYSTEM32\WSOCK32.dll
0x00007ffb2d100000 - 0x00007ffb2d16c000 	C:\WINDOWS\System32\WS2_32.dll
0x00007ffb27130000 - 0x00007ffb27153000 	C:\WINDOWS\SYSTEM32\WINMM.dll
0x00007ffb26c40000 - 0x00007ffb26c6b000 	C:\WINDOWS\SYSTEM32\WINMMBASE.dll
0x00007ffb2a170000 - 0x00007ffb2a1b9000 	C:\WINDOWS\System32\cfgmgr32.dll
0x0000000062e50000 - 0x0000000062e5f000 	C:\Program Files\Java\jdk1.8.0_31\jre\bin\verify.dll
0x0000000062e20000 - 0x0000000062e48000 	C:\Program Files\Java\jdk1.8.0_31\jre\bin\java.dll
0x0000000062e00000 - 0x0000000062e16000 	C:\Program Files\Java\jdk1.8.0_31\jre\bin\zip.dll
0x00007ffb2b550000 - 0x00007ffb2c987000 	C:\WINDOWS\System32\SHELL32.dll
0x00007ffb2aaf0000 - 0x00007ffb2ab9a000 	C:\WINDOWS\System32\shcore.dll
0x00007ffb2a3f0000 - 0x00007ffb2aae1000 	C:\WINDOWS\System32\windows.storage.dll
0x00007ffb2b4f0000 - 0x00007ffb2b541000 	C:\WINDOWS\System32\shlwapi.dll
0x00007ffb29a00000 - 0x00007ffb29a11000 	C:\WINDOWS\System32\kernel.appcore.dll
0x00007ffb29a60000 - 0x00007ffb29aac000 	C:\WINDOWS\System32\powrprof.dll
0x00007ffb29a40000 - 0x00007ffb29a55000 	C:\WINDOWS\System32\profapi.dll
0x00007ffb1ded0000 - 0x00007ffb1e079000 	C:\WINDOWS\SYSTEM32\dbghelp.dll

VM Arguments:
jvm_args: -Djava.awt.headless=true -Xmx1024M -Dfile.encoding=x-windows-949 -Duser.country=KR -Duser.language=ko -Duser.variant 
java_command: com.android.dx.command.Main --dex --force-jumbo --num-threads=4 --multi-dex --output C:\lsw\AndroidStudioProjects\MemoryTrigger_v1.3\Testing\app\build\intermediates\transforms\dex\dev\debug\folders\1000\5\slice_7 C:\lsw\AndroidStudioProjects\MemoryTrigger_v1.3\Testing\app\build\intermediates\transforms\instantRunSlicer\dev\debug\folders\1\5\slice_7
java_class_path (initial): C:\lsw\Android_SDK\build-tools\25.0.3\lib\dx.jar
Launcher Type: SUN_STANDARD

Environment Variables:
PATH=C:\ProgramData\Oracle\Java\javapath;C:\Program Files (x86)\Wizvera\Delfino;C:\lsw\Android_SDK\platform-tools;C:\Program Files (x86)\Dev-Cpp\MinGW64\bin;C:\Program Files\nodejs\;C:\WINDOWS\system32;C:\WINDOWS;C:\WINDOWS\System32\Wbem;C:\WINDOWS\System32\WindowsPowerShell\v1.0\;C:\Program Files (x86)\ATI Technologies\ATI.ACE\Core-Static;C:\opencv\build\x64\vc14\bin;C:\Program Files\Git\cmd;C:\Program Files (x86)\Skype\Phone\;C:\Users\이상원\AppData\Local\Programs\Python\Python35\Scripts\;C:\Users\이상원\AppData\Local\Programs\Python\Python35\;C:\Users\이상원\AppData\Local\Programs\Python\Python36-32\Scripts\;C:\Users\이상원\AppData\Local\Programs\Python\Python36-32\;C:\Program Files\Java\jdk1.8.0_31\bin;C:\WINDOWS\system32;C:\WINDOWS;C:\Users\이상원\AppData\Roaming\npm;C:\Program Files (x86)\Dev-Cpp\MinGW64\bin;C:\Program Files (x86)\Vim\vim74;C:\Users\이상원\vim;C:\Users\이상원\AppData\Local\Microsoft\WindowsApps;C:\Users\이상원\AppData\Local\Google\Cloud SDK\google-cloud-sdk\bin;C:\Users\이상원\AppData\Local\atom\bin;C:\Program Files (x86)\SSH Communications Security\SSH Secure Shell
USERNAME=이상원
OS=Windows_NT
PROCESSOR_IDENTIFIER=Intel64 Family 6 Model 42 Stepping 7, GenuineIntel



---------------  S Y S T E M  ---------------

OS: Windows 8.1 , 64 bit Build 9600 

CPU:total 4 (2 cores per cpu, 2 threads per core) family 6 model 42 stepping 7, cmov, cx8, fxsr, mmx, sse, sse2, sse3, ssse3, sse4.1, sse4.2, popcnt, avx, aes, clmul, ht, tsc, tscinvbit

Memory: 4k page, physical 8280232k(1943868k free), swap 14408872k(2276k free)

vm_info: Java HotSpot(TM) 64-Bit Server VM (25.31-b07) for windows-amd64 JRE (1.8.0_31-b13), built on Dec 17 2014 21:00:28 by "java_re" with MS VC++ 10.0 (VS2010)

time: Mon Nov 27 12:39:54 2017
elapsed time: 1 seconds (0d 0h 0m 1s)

