#
# There is insufficient memory for the Java Runtime Environment to continue.
# Native memory allocation (malloc) failed to allocate 32744 bytes for ChunkPool::allocate
# Possible reasons:
#   The system is out of physical RAM or swap space
#   In 32 bit mode, the process size limit was hit
# Possible solutions:
#   Reduce memory load on the system
#   Increase physical memory or swap space
#   Check if swap backing store is full
#   Use 64 bit Java on a 64 bit OS
#   Decrease Java heap size (-Xmx/-Xms)
#   Decrease number of Java threads
#   Decrease Java thread stack sizes (-Xss)
#   Set larger code cache with -XX:ReservedCodeCacheSize=
# This output file may be truncated or incomplete.
#
#  Out of Memory Error (allocation.cpp:273), pid=16100, tid=11664
#
# JRE version: Java(TM) SE Runtime Environment (8.0_31-b13) (build 1.8.0_31-b13)
# Java VM: Java HotSpot(TM) 64-Bit Server VM (25.31-b07 mixed mode windows-amd64 compressed oops)
# Failed to write core dump. Minidumps are not enabled by default on client versions of Windows
#

---------------  T H R E A D  ---------------

Current thread (0x0000000016700000):  JavaThread "C1 CompilerThread2" daemon [_thread_in_native, id=11664, stack(0x0000000016bb0000,0x0000000016cb0000)]

Stack: [0x0000000016bb0000,0x0000000016cb0000]
Native frames: (J=compiled Java code, j=interpreted, Vv=VM code, C=native code)
V  [jvm.dll+0x3169ba]


Current CompileTask:
C1:   1264  478   !   3       com.android.dx.cf.code.BytecodeArray::parseInstruction (2764 bytes)


---------------  P R O C E S S  ---------------

Java Threads: ( => current thread )
  0x000000001690f800 JavaThread "pool-2-thread-4" [_thread_in_Java, id=17148, stack(0x00000000172b0000,0x00000000173b0000)]
  0x000000001690e000 JavaThread "pool-2-thread-3" [_thread_blocked, id=17384, stack(0x00000000171b0000,0x00000000172b0000)]
  0x0000000016901800 JavaThread "pool-2-thread-2" [_thread_blocked, id=16412, stack(0x00000000170b0000,0x00000000171b0000)]
  0x0000000016810000 JavaThread "pool-3-thread-1" [_thread_blocked, id=872, stack(0x0000000016fb0000,0x00000000170b0000)]
  0x000000001680d800 JavaThread "pool-2-thread-1" [_thread_blocked, id=17180, stack(0x0000000016eb0000,0x0000000016fb0000)]
  0x0000000016709000 JavaThread "Service Thread" daemon [_thread_blocked, id=12052, stack(0x0000000016cb0000,0x0000000016db0000)]
=>0x0000000016700000 JavaThread "C1 CompilerThread2" daemon [_thread_in_native, id=11664, stack(0x0000000016bb0000,0x0000000016cb0000)]
  0x00000000150be000 JavaThread "C2 CompilerThread1" daemon [_thread_in_native, id=8932, stack(0x0000000016ab0000,0x0000000016bb0000)]
  0x00000000150bc800 JavaThread "C2 CompilerThread0" daemon [_thread_in_native, id=12228, stack(0x00000000165b0000,0x00000000166b0000)]
  0x0000000015071000 JavaThread "Attach Listener" daemon [_thread_blocked, id=10008, stack(0x00000000164b0000,0x00000000165b0000)]
  0x0000000015070000 JavaThread "Signal Dispatcher" daemon [_thread_blocked, id=9392, stack(0x00000000163b0000,0x00000000164b0000)]
  0x0000000002982000 JavaThread "Finalizer" daemon [_thread_blocked, id=13232, stack(0x00000000162b0000,0x00000000163b0000)]
  0x000000000297e800 JavaThread "Reference Handler" daemon [_thread_blocked, id=4072, stack(0x00000000161b0000,0x00000000162b0000)]
  0x00000000023de000 JavaThread "main" [_thread_in_native, id=18120, stack(0x0000000002790000,0x0000000002890000)]

Other Threads:
  0x0000000015026800 VMThread [stack: 0x00000000160b0000,0x00000000161b0000] [id=7396]
  0x0000000016713000 WatcherThread [stack: 0x0000000016db0000,0x0000000016eb0000] [id=11380]

VM state:not at safepoint (normal execution)

VM Mutex/Monitor currently owned by a thread: None

Heap:
 PSYoungGen      total 38400K, used 12665K [0x00000000eab00000, 0x00000000ed580000, 0x0000000100000000)
  eden space 33280K, 38% used [0x00000000eab00000,0x00000000eb75e400,0x00000000ecb80000)
  from space 5120K, 0% used [0x00000000ed080000,0x00000000ed080000,0x00000000ed580000)
  to   space 5120K, 0% used [0x00000000ecb80000,0x00000000ecb80000,0x00000000ed080000)
 ParOldGen       total 87552K, used 0K [0x00000000c0000000, 0x00000000c5580000, 0x00000000eab00000)
  object space 87552K, 0% used [0x00000000c0000000,0x00000000c0000000,0x00000000c5580000)
 Metaspace       used 5265K, capacity 6384K, committed 6528K, reserved 1056768K
  class space    used 573K, capacity 616K, committed 640K, reserved 1048576K

Card table byte_map: [0x0000000011d50000,0x0000000011f60000] byte_map_base: 0x0000000011750000

Marking Bits: (ParMarkBitMap*) 0x00000000626ad4f0
 Begin Bits: [0x00000000124c0000, 0x00000000134c0000)
 End Bits:   [0x00000000134c0000, 0x00000000144c0000)

Polling page: 0x0000000000790000

CodeCache: size=245760Kb used=2058Kb max_used=2069Kb free=243701Kb
 bounds [0x0000000002990000, 0x0000000002c00000, 0x0000000011990000]
 total_blobs=744 nmethods=479 adapters=179
 compilation: enabled

Compilation events (10 events):
Event: 1.096 Thread 0x0000000016700000 nmethod 475 0x0000000002b8ffd0 code [0x0000000002b90180, 0x0000000002b908f8]
Event: 1.096 Thread 0x0000000016700000  476       3       java.util.TreeMap::put (247 bytes)
Event: 1.097 Thread 0x0000000016700000 nmethod 476 0x0000000002b90b90 code [0x0000000002b90e00, 0x0000000002b91fb8]
Event: 1.097 Thread 0x0000000016700000  477       3       java.util.TreeMap::colorOf (13 bytes)
Event: 1.097 Thread 0x0000000016700000 nmethod 477 0x0000000002b926d0 code [0x0000000002b92820, 0x0000000002b929b0]
Event: 1.097 Thread 0x0000000016700000  478   !   3       com.android.dx.cf.code.BytecodeArray::parseInstruction (2764 bytes)
Event: 1.101 Thread 0x00000000150be000  489       4       java.util.HashMap::getNode (148 bytes)
Event: 1.106 Thread 0x00000000150be000 nmethod 489 0x0000000002b959d0 code [0x0000000002b95b40, 0x0000000002b95ea8]
Event: 1.106 Thread 0x00000000150bc800  490       4       java.util.ArrayList$Itr::hasNext (20 bytes)
Event: 1.106 Thread 0x00000000150bc800 nmethod 490 0x0000000002b81b10 code [0x0000000002b81c40, 0x0000000002b81cb8]

GC Heap History (0 events):
No events

Deoptimization events (0 events):
No events

Internal exceptions (10 events):
Event: 0.991 Thread 0x0000000016901800 Exception <a 'java/security/PrivilegedActionException'> (0x00000000eb45a428) thrown at [C:\workspace\8-2-build-windows-amd64-cygwin\jdk8u31\2394\hotspot\src\share\vm\prims\jvm.cpp, line 1312]
Event: 0.992 Thread 0x0000000016901800 Exception <a 'java/security/PrivilegedActionException'> (0x00000000eb45f958) thrown at [C:\workspace\8-2-build-windows-amd64-cygwin\jdk8u31\2394\hotspot\src\share\vm\prims\jvm.cpp, line 1312]
Event: 0.992 Thread 0x0000000016901800 Exception <a 'java/security/PrivilegedActionException'> (0x00000000eb463c10) thrown at [C:\workspace\8-2-build-windows-amd64-cygwin\jdk8u31\2394\hotspot\src\share\vm\prims\jvm.cpp, line 1312]
Event: 0.993 Thread 0x0000000016901800 Exception <a 'java/security/PrivilegedActionException'> (0x00000000eb466a28) thrown at [C:\workspace\8-2-build-windows-amd64-cygwin\jdk8u31\2394\hotspot\src\share\vm\prims\jvm.cpp, line 1312]
Event: 0.997 Thread 0x0000000016901800 Exception <a 'java/security/PrivilegedActionException'> (0x00000000eb46b438) thrown at [C:\workspace\8-2-build-windows-amd64-cygwin\jdk8u31\2394\hotspot\src\share\vm\prims\jvm.cpp, line 1312]
Event: 0.998 Thread 0x0000000016901800 Exception <a 'java/security/PrivilegedActionException'> (0x00000000eb46ec30) thrown at [C:\workspace\8-2-build-windows-amd64-cygwin\jdk8u31\2394\hotspot\src\share\vm\prims\jvm.cpp, line 1312]
Event: 0.999 Thread 0x0000000016901800 Exception <a 'java/security/PrivilegedActionException'> (0x00000000eb473650) thrown at [C:\workspace\8-2-build-windows-amd64-cygwin\jdk8u31\2394\hotspot\src\share\vm\prims\jvm.cpp, line 1312]
Event: 1.000 Thread 0x0000000016901800 Exception <a 'java/security/PrivilegedActionException'> (0x00000000eb4769f0) thrown at [C:\workspace\8-2-build-windows-amd64-cygwin\jdk8u31\2394\hotspot\src\share\vm\prims\jvm.cpp, line 1312]
Event: 1.001 Thread 0x0000000016901800 Exception <a 'java/security/PrivilegedActionException'> (0x00000000eb479690) thrown at [C:\workspace\8-2-build-windows-amd64-cygwin\jdk8u31\2394\hotspot\src\share\vm\prims\jvm.cpp, line 1312]
Event: 1.108 Thread 0x0000000016901800 Exception <a 'java/security/PrivilegedActionException'> (0x00000000eb47c330) thrown at [C:\workspace\8-2-build-windows-amd64-cygwin\jdk8u31\2394\hotspot\src\share\vm\prims\jvm.cpp, line 1312]

Events (10 events):
Event: 0.998 loading class com/android/dx/ssa/back/FirstFitLocalCombiningAllocator$1
Event: 0.998 loading class com/android/dx/ssa/back/FirstFitLocalCombiningAllocator$1 done
Event: 0.999 loading class com/android/dx/ssa/back/FirstFitLocalCombiningAllocator$Alignment
Event: 0.999 loading class com/android/dx/ssa/back/FirstFitLocalCombiningAllocator$Alignment done
Event: 1.000 loading class com/android/dx/ssa/back/FirstFitLocalCombiningAllocator$Alignment$1
Event: 1.000 loading class com/android/dx/ssa/back/FirstFitLocalCombiningAllocator$Alignment$1 done
Event: 1.001 loading class com/android/dx/ssa/back/FirstFitLocalCombiningAllocator$Alignment$2
Event: 1.001 loading class com/android/dx/ssa/back/FirstFitLocalCombiningAllocator$Alignment$2 done
Event: 1.108 loading class com/android/dx/ssa/back/FirstFitLocalCombiningAllocator$Alignment$3
Event: 1.108 loading class com/android/dx/ssa/back/FirstFitLocalCombiningAllocator$Alignment$3 done


Dynamic libraries:
0x00007ff6a7880000 - 0x00007ff6a78b4000 	C:\Program Files\Java\jdk1.8.0_31\bin\java.exe
0x00007ffb2d5b0000 - 0x00007ffb2d78b000 	C:\WINDOWS\SYSTEM32\ntdll.dll
0x00007ffb2cc90000 - 0x00007ffb2cd3e000 	C:\WINDOWS\System32\KERNEL32.DLL
0x00007ffb29f20000 - 0x00007ffb2a169000 	C:\WINDOWS\System32\KERNELBASE.dll
0x00007ffb2ad30000 - 0x00007ffb2add1000 	C:\WINDOWS\System32\ADVAPI32.dll
0x00007ffb2b120000 - 0x00007ffb2b1bd000 	C:\WINDOWS\System32\msvcrt.dll
0x00007ffb2cd40000 - 0x00007ffb2cd99000 	C:\WINDOWS\System32\sechost.dll
0x00007ffb2aff0000 - 0x00007ffb2b115000 	C:\WINDOWS\System32\RPCRT4.dll
0x00007ffb2cf10000 - 0x00007ffb2d05a000 	C:\WINDOWS\System32\USER32.dll
0x00007ffb2a2c0000 - 0x00007ffb2a2de000 	C:\WINDOWS\System32\win32u.dll
0x00007ffb2cee0000 - 0x00007ffb2cf07000 	C:\WINDOWS\System32\GDI32.dll
0x00007ffb29d90000 - 0x00007ffb29f17000 	C:\WINDOWS\System32\gdi32full.dll
0x00007ffb29cf0000 - 0x00007ffb29d8a000 	C:\WINDOWS\System32\msvcp_win.dll
0x00007ffb2a1c0000 - 0x00007ffb2a2b6000 	C:\WINDOWS\System32\ucrtbase.dll
0x00007ffb1c720000 - 0x00007ffb1c987000 	C:\WINDOWS\WinSxS\amd64_microsoft.windows.common-controls_6595b64144ccf1df_6.0.15063.483_none_26002d27e7c744a2\COMCTL32.dll
0x00007ffb2c990000 - 0x00007ffb2cc89000 	C:\WINDOWS\System32\combase.dll
0x00007ffb29ab0000 - 0x00007ffb29b1a000 	C:\WINDOWS\System32\bcryptPrimitives.dll
0x00007ffb2cda0000 - 0x00007ffb2cdcd000 	C:\WINDOWS\System32\IMM32.DLL
0x0000000061d00000 - 0x0000000061dd2000 	C:\Program Files\Java\jdk1.8.0_31\jre\bin\msvcr100.dll
0x0000000061ed0000 - 0x000000006272a000 	C:\Program Files\Java\jdk1.8.0_31\jre\bin\server\jvm.dll
0x00007ffb2ac20000 - 0x00007ffb2ac28000 	C:\WINDOWS\System32\PSAPI.DLL
0x00007ffb1dc30000 - 0x00007ffb1dc39000 	C:\WINDOWS\SYSTEM32\WSOCK32.dll
0x00007ffb2d100000 - 0x00007ffb2d16c000 	C:\WINDOWS\System32\WS2_32.dll
0x00007ffb27130000 - 0x00007ffb27153000 	C:\WINDOWS\SYSTEM32\WINMM.dll
0x00007ffb26c40000 - 0x00007ffb26c6b000 	C:\WINDOWS\SYSTEM32\winmmbase.dll
0x00007ffb2a170000 - 0x00007ffb2a1b9000 	C:\WINDOWS\System32\cfgmgr32.dll
0x0000000062e50000 - 0x0000000062e5f000 	C:\Program Files\Java\jdk1.8.0_31\jre\bin\verify.dll
0x0000000062e20000 - 0x0000000062e48000 	C:\Program Files\Java\jdk1.8.0_31\jre\bin\java.dll
0x0000000062e00000 - 0x0000000062e16000 	C:\Program Files\Java\jdk1.8.0_31\jre\bin\zip.dll
0x00007ffb2b550000 - 0x00007ffb2c987000 	C:\WINDOWS\System32\SHELL32.dll
0x00007ffb2aaf0000 - 0x00007ffb2ab9a000 	C:\WINDOWS\System32\shcore.dll
0x00007ffb2a3f0000 - 0x00007ffb2aae1000 	C:\WINDOWS\System32\windows.storage.dll
0x00007ffb2b4f0000 - 0x00007ffb2b541000 	C:\WINDOWS\System32\shlwapi.dll
0x00007ffb29a00000 - 0x00007ffb29a11000 	C:\WINDOWS\System32\kernel.appcore.dll
0x00007ffb29a60000 - 0x00007ffb29aac000 	C:\WINDOWS\System32\powrprof.dll
0x00007ffb29a40000 - 0x00007ffb29a55000 	C:\WINDOWS\System32\profapi.dll

VM Arguments:
jvm_args: -Djava.awt.headless=true -Xmx1024M -Dfile.encoding=x-windows-949 -Duser.country=KR -Duser.language=ko -Duser.variant 
java_command: com.android.dx.command.Main --dex --force-jumbo --num-threads=4 --multi-dex --output C:\lsw\AndroidStudioProjects\MemoryTrigger_v1.3\Testing\app\build\intermediates\transforms\dex\dev\debug\folders\1000\5\slice_9 C:\lsw\AndroidStudioProjects\MemoryTrigger_v1.3\Testing\app\build\intermediates\transforms\instantRunSlicer\dev\debug\folders\1\5\slice_9
java_class_path (initial): C:\lsw\Android_SDK\build-tools\25.0.3\lib\dx.jar
Launcher Type: SUN_STANDARD

Environment Variables:
PATH=C:\ProgramData\Oracle\Java\javapath;C:\Program Files (x86)\Wizvera\Delfino;C:\lsw\Android_SDK\platform-tools;C:\Program Files (x86)\Dev-Cpp\MinGW64\bin;C:\Program Files\nodejs\;C:\WINDOWS\system32;C:\WINDOWS;C:\WINDOWS\System32\Wbem;C:\WINDOWS\System32\WindowsPowerShell\v1.0\;C:\Program Files (x86)\ATI Technologies\ATI.ACE\Core-Static;C:\opencv\build\x64\vc14\bin;C:\Program Files\Git\cmd;C:\Program Files (x86)\Skype\Phone\;C:\Users\이상원\AppData\Local\Programs\Python\Python35\Scripts\;C:\Users\이상원\AppData\Local\Programs\Python\Python35\;C:\Users\이상원\AppData\Local\Programs\Python\Python36-32\Scripts\;C:\Users\이상원\AppData\Local\Programs\Python\Python36-32\;C:\Program Files\Java\jdk1.8.0_31\bin;C:\WINDOWS\system32;C:\WINDOWS;C:\Users\이상원\AppData\Roaming\npm;C:\Program Files (x86)\Dev-Cpp\MinGW64\bin;C:\Program Files (x86)\Vim\vim74;C:\Users\이상원\vim;C:\Users\이상원\AppData\Local\Microsoft\WindowsApps;C:\Users\이상원\AppData\Local\Google\Cloud SDK\google-cloud-sdk\bin;C:\Users\이상원\AppData\Local\atom\bin;C:\Program Files (x86)\SSH Communications Security\SSH Secure Shell
USERNAME=이상원
OS=Windows_NT
PROCESSOR_IDENTIFIER=Intel64 Family 6 Model 42 Stepping 7, GenuineIntel



---------------  S Y S T E M  ---------------

OS: Windows 8.1 , 64 bit Build 9600 

CPU:total 4 (2 cores per cpu, 2 threads per core) family 6 model 42 stepping 7, cmov, cx8, fxsr, mmx, sse, sse2, sse3, ssse3, sse4.1, sse4.2, popcnt, avx, aes, clmul, ht, tsc, tscinvbit

Memory: 4k page, physical 8280232k(1940508k free), swap 14408872k(1848k free)

vm_info: Java HotSpot(TM) 64-Bit Server VM (25.31-b07) for windows-amd64 JRE (1.8.0_31-b13), built on Dec 17 2014 21:00:28 by "java_re" with MS VC++ 10.0 (VS2010)

time: Mon Nov 27 12:39:54 2017
elapsed time: 1 seconds (0d 0h 0m 1s)

